2022-08-10 13:33:02.677  INFO 21488 --- [main] c.e.f.FinalWpfTransferApplication        : Starting FinalWpfTransferApplication using Java 17.0.3 on Siritaporn_ma with PID 21488 (D:\Project Java\final_wpf_transfer\bin\main started by Dell in D:\Project Java\final_wpf_transfer)
2022-08-10 13:33:02.684  INFO 21488 --- [main] c.e.f.FinalWpfTransferApplication        : No active profile set, falling back to 1 default profile: "default"
2022-08-10 13:33:03.894  INFO 21488 --- [main] .s.d.r.c.RepositoryConfigurationDelegate : Bootstrapping Spring Data JPA repositories in DEFAULT mode.
2022-08-10 13:33:03.969  INFO 21488 --- [main] .s.d.r.c.RepositoryConfigurationDelegate : Finished Spring Data repository scanning in 64 ms. Found 5 JPA repository interfaces.
2022-08-10 13:33:04.624  INFO 21488 --- [main] o.s.b.w.embedded.tomcat.TomcatWebServer  : Tomcat initialized with port(s): 8097 (http)
2022-08-10 13:33:04.643  INFO 21488 --- [main] o.apache.catalina.core.StandardService   : Starting service [Tomcat]
2022-08-10 13:33:04.643  INFO 21488 --- [main] org.apache.catalina.core.StandardEngine  : Starting Servlet engine: [Apache Tomcat/9.0.65]
2022-08-10 13:33:04.786  INFO 21488 --- [main] o.a.c.c.C.[Tomcat].[localhost].[/]       : Initializing Spring embedded WebApplicationContext
2022-08-10 13:33:04.786  INFO 21488 --- [main] w.s.c.ServletWebServerApplicationContext : Root WebApplicationContext: initialization completed in 1993 ms
2022-08-10 13:33:05.014  INFO 21488 --- [main] o.hibernate.jpa.internal.util.LogHelper  : HHH000204: Processing PersistenceUnitInfo [name: default]
2022-08-10 13:33:05.069  INFO 21488 --- [main] org.hibernate.Version                    : HHH000412: Hibernate ORM core version 5.6.10.Final
2022-08-10 13:33:05.296  INFO 21488 --- [main] o.hibernate.annotations.common.Version   : HCANN000001: Hibernate Commons Annotations {5.1.2.Final}
2022-08-10 13:33:05.409  INFO 21488 --- [main] com.zaxxer.hikari.HikariDataSource       : HikariPool-1 - Starting...
2022-08-10 13:33:05.696  INFO 21488 --- [main] com.zaxxer.hikari.HikariDataSource       : HikariPool-1 - Start completed.
2022-08-10 13:33:05.723  INFO 21488 --- [main] org.hibernate.dialect.Dialect            : HHH000400: Using dialect: org.hibernate.dialect.SQLServer2008Dialect
2022-08-10 13:33:06.483  INFO 21488 --- [main] o.h.e.t.j.p.i.JtaPlatformInitiator       : HHH000490: Using JtaPlatform implementation: [org.hibernate.engine.transaction.jta.platform.internal.NoJtaPlatform]
2022-08-10 13:33:06.492  INFO 21488 --- [main] j.LocalContainerEntityManagerFactoryBean : Initialized JPA EntityManagerFactory for persistence unit 'default'
2022-08-10 13:33:07.257  WARN 21488 --- [main] JpaBaseConfiguration$JpaWebConfiguration : spring.jpa.open-in-view is enabled by default. Therefore, database queries may be performed during view rendering. Explicitly configure spring.jpa.open-in-view to disable this warning
2022-08-10 13:33:07.706  INFO 21488 --- [main] o.s.b.w.embedded.tomcat.TomcatWebServer  : Tomcat started on port(s): 8097 (http) with context path ''
2022-08-10 13:33:07.720  INFO 21488 --- [main] c.e.f.FinalWpfTransferApplication        : Started FinalWpfTransferApplication in 5.505 seconds (JVM running for 5.94)
2022-08-10 13:35:03.334  INFO 21488 --- [http-nio-8097-exec-1] o.a.c.c.C.[Tomcat].[localhost].[/]       : Initializing Spring DispatcherServlet 'dispatcherServlet'
2022-08-10 13:35:03.334  INFO 21488 --- [http-nio-8097-exec-1] o.s.web.servlet.DispatcherServlet        : Initializing Servlet 'dispatcherServlet'
2022-08-10 13:35:03.335  INFO 21488 --- [http-nio-8097-exec-1] o.s.web.servlet.DispatcherServlet        : Completed initialization in 0 ms
2022-08-10 13:35:03.410  INFO 21488 --- [http-nio-8097-exec-1] c.e.f.controller.CustomerController      : customer Request : CustomerRequestDto(searchType=citizen, searchValue=1100800745551)
2022-08-10 13:35:03.730  INFO 21488 --- [http-nio-8097-exec-2] c.e.f.controller.LogController           : requestBody : LogActivityRequestDto(actId=null, actType=1, actDate=Wed Aug 10 13:35:03 ICT 2022, actDetail=SearchCustomer, actFullDetail={ searchType = citizen, searchValue = 1100800745551 }, userId=11358, comName=somjaiPC, tranId=0, tranType=0, tranCode=null, tranBankFrom=null, tranBankTo=null, memo=null, errCode=0000, errDesc=success, actStatus=1, pageCode=PAGE001, pageName=Transfer_Page)
2022-08-10 13:35:05.133  INFO 21488 --- [http-nio-8097-exec-5] c.e.f.controller.LogController           : requestBody : LogActivityRequestDto(actId=null, actType=2, actDate=Wed Aug 10 13:35:05 ICT 2022, actDetail=SelectCustomer, actFullDetail=null, userId=11358, comName=somjaiPC, tranId=0, tranType=0, tranCode=null, tranBankFrom=null, tranBankTo=null, memo=null, errCode=0000, errDesc=Success, actStatus=1, pageCode=PAGE001, pageName=Transfer_Page)
2022-08-10 13:35:20.813  INFO 21488 --- [http-nio-8097-exec-9] c.e.f.controller.LogController           : requestBody : LogActivityRequestDto(actId=null, actType=3, actDate=Wed Aug 10 13:35:20 ICT 2022, actDetail=CheckSign, actFullDetail=null, userId=11358, comName=somjaiPC, tranId=0, tranType=0, tranCode=null, tranBankFrom=null, tranBankTo=null, memo=null, errCode=0000, errDesc=Success, actStatus=1, pageCode=PAGE001, pageName=Transfer_Page)
2022-08-10 13:35:23.727  INFO 21488 --- [http-nio-8097-exec-2] c.e.f.controller.LogController           : requestBody : LogActivityRequestDto(actId=null, actType=4, actDate=Wed Aug 10 13:35:23 ICT 2022, actDetail=PreTransfer, actFullDetail=MainModule.Models.Transfer.CoreBank.ConfirmInfoRequest, userId=11358, comName=somjaiPC, tranId=0, tranType=0, tranCode=SMTR0035, tranBankFrom=SMTR, tranBankTo=null, memo=null, errCode=success, errDesc=success, actStatus=1, pageCode=PAGE002, pageName=PreTransfer_Page)
2022-08-10 13:35:25.357  INFO 21488 --- [http-nio-8097-exec-4] c.e.f.controller.LogController           : request logTransaction : LogTransactionRequestDto(tranId=null, tranDate=Wed Aug 10 13:35:25 ICT 2022, tranCode=SMTR0035, tranType=95, custId=52adb621-1c5c-4f69-b4eb-4cd103f8f92b              , cifId=1100800745551                       , mobileNo=0818116782, fromBankCode=950, fromAccType=11, fromAccNo=950102002557005, fromAccNickName=???????? ??? B (?????02), fromAccName=???????? ??? B (?????02), toBankCode=950, toAccType=11, toAccNo=950101000010911, toAccNickName=???????????? ??????, toAccName=???????????? ??????, fee1=0.0, amount=1.0, currencyCode=null, tranStatus=1, memo=null, errCode=200, errDesc=success)
2022-08-10 13:35:25.483  INFO 21488 --- [http-nio-8097-exec-3] c.e.f.controller.LogController           : requestBody : LogActivityRequestDto(actId=null, actType=5, actDate=Wed Aug 10 13:35:25 ICT 2022, actDetail=CompleteTransfer, actFullDetail=MainModule.Models.Transfer.CoreBank.ConfirmInfoRequest, userId=11358, comName=somjaiPC, tranId=22, tranType=95, tranCode=SMTR0035, tranBankFrom=SMTR, tranBankTo=null, memo=null, errCode=success, errDesc=success, actStatus=1, pageCode=PAGE003, pageName=CompleteTransfer_Page)
2022-08-10 15:15:09.559  INFO 32812 --- [main] c.e.f.FinalWpfTransferApplication        : Starting FinalWpfTransferApplication using Java 17.0.3 on Siritaporn_ma with PID 32812 (D:\Project Java\final_wpf_transfer\bin\main started by Dell in D:\Project Java\final_wpf_transfer)
2022-08-10 15:15:09.564  INFO 32812 --- [main] c.e.f.FinalWpfTransferApplication        : No active profile set, falling back to 1 default profile: "default"
2022-08-10 15:15:11.072  INFO 32812 --- [main] .s.d.r.c.RepositoryConfigurationDelegate : Bootstrapping Spring Data JPA repositories in DEFAULT mode.
2022-08-10 15:15:11.214  INFO 32812 --- [main] .s.d.r.c.RepositoryConfigurationDelegate : Finished Spring Data repository scanning in 98 ms. Found 5 JPA repository interfaces.
2022-08-10 15:15:13.039  INFO 32812 --- [main] o.s.b.w.embedded.tomcat.TomcatWebServer  : Tomcat initialized with port(s): 8097 (http)
2022-08-10 15:15:13.063  INFO 32812 --- [main] o.apache.catalina.core.StandardService   : Starting service [Tomcat]
2022-08-10 15:15:13.064  INFO 32812 --- [main] org.apache.catalina.core.StandardEngine  : Starting Servlet engine: [Apache Tomcat/9.0.65]
2022-08-10 15:15:13.368  INFO 32812 --- [main] o.a.c.c.C.[Tomcat].[localhost].[/]       : Initializing Spring embedded WebApplicationContext
2022-08-10 15:15:13.370  INFO 32812 --- [main] w.s.c.ServletWebServerApplicationContext : Root WebApplicationContext: initialization completed in 3746 ms
2022-08-10 15:15:13.889  INFO 32812 --- [main] o.hibernate.jpa.internal.util.LogHelper  : HHH000204: Processing PersistenceUnitInfo [name: default]
2022-08-10 15:15:14.066  INFO 32812 --- [main] org.hibernate.Version                    : HHH000412: Hibernate ORM core version 5.6.10.Final
2022-08-10 15:15:14.581  INFO 32812 --- [main] o.hibernate.annotations.common.Version   : HCANN000001: Hibernate Commons Annotations {5.1.2.Final}
2022-08-10 15:15:14.800  INFO 32812 --- [main] com.zaxxer.hikari.HikariDataSource       : HikariPool-1 - Starting...
2022-08-10 15:15:15.294  INFO 32812 --- [main] com.zaxxer.hikari.HikariDataSource       : HikariPool-1 - Start completed.
2022-08-10 15:15:15.338  INFO 32812 --- [main] org.hibernate.dialect.Dialect            : HHH000400: Using dialect: org.hibernate.dialect.SQLServer2008Dialect
2022-08-10 15:15:16.767  INFO 32812 --- [main] o.h.e.t.j.p.i.JtaPlatformInitiator       : HHH000490: Using JtaPlatform implementation: [org.hibernate.engine.transaction.jta.platform.internal.NoJtaPlatform]
2022-08-10 15:15:16.780  INFO 32812 --- [main] j.LocalContainerEntityManagerFactoryBean : Initialized JPA EntityManagerFactory for persistence unit 'default'
2022-08-10 15:15:18.253  WARN 32812 --- [main] JpaBaseConfiguration$JpaWebConfiguration : spring.jpa.open-in-view is enabled by default. Therefore, database queries may be performed during view rendering. Explicitly configure spring.jpa.open-in-view to disable this warning
2022-08-10 15:15:19.511  INFO 32812 --- [main] o.s.b.w.embedded.tomcat.TomcatWebServer  : Tomcat started on port(s): 8097 (http) with context path ''
2022-08-10 15:15:19.539  INFO 32812 --- [main] c.e.f.FinalWpfTransferApplication        : Started FinalWpfTransferApplication in 10.565 seconds (JVM running for 11.15)
2022-08-10 15:22:28.899  INFO 32812 --- [http-nio-8097-exec-3] o.a.c.c.C.[Tomcat].[localhost].[/]       : Initializing Spring DispatcherServlet 'dispatcherServlet'
2022-08-10 15:22:28.900  INFO 32812 --- [http-nio-8097-exec-3] o.s.web.servlet.DispatcherServlet        : Initializing Servlet 'dispatcherServlet'
2022-08-10 15:22:28.903  INFO 32812 --- [http-nio-8097-exec-3] o.s.web.servlet.DispatcherServlet        : Completed initialization in 2 ms
2022-08-10 15:22:28.981  INFO 32812 --- [http-nio-8097-exec-3] c.e.f.controller.CustomerController      : customer Request : CustomerRequestDto(searchType=citizen, searchValue=1100800745551)
2022-08-10 15:22:29.375  INFO 32812 --- [http-nio-8097-exec-2] c.e.f.controller.LogController           : requestBody : LogActivityRequestDto(actId=null, actType=1, actDate=Wed Aug 10 15:22:29 ICT 2022, actDetail=SearchCustomer, actFullDetail={ searchType = citizen, searchValue = 1100800745551 }, userId=11358, comName=somjaiPC, tranId=0, tranType=0, tranCode=null, tranBankFrom=null, tranBankTo=null, memo=null, errCode=0000, errDesc=success, actStatus=1, pageCode=PAGE001, pageName=Transfer_Page)
2022-08-10 15:22:58.595  INFO 32812 --- [http-nio-8097-exec-10] c.e.f.controller.CustomerController      : customer Request : CustomerRequestDto(searchType=passport, searchValue=AA1234567)
2022-08-10 15:22:58.650  INFO 32812 --- [http-nio-8097-exec-1] c.e.f.controller.LogController           : requestBody : LogActivityRequestDto(actId=null, actType=1, actDate=Wed Aug 10 15:22:58 ICT 2022, actDetail=SearchCustomer, actFullDetail={ searchType = passport, searchValue = AA1234567 }, userId=11358, comName=somjaiPC, tranId=0, tranType=0, tranCode=null, tranBankFrom=null, tranBankTo=null, memo=null, errCode=0000, errDesc=success, actStatus=1, pageCode=PAGE001, pageName=Transfer_Page)
2022-08-10 15:23:07.938  INFO 32812 --- [http-nio-8097-exec-8] c.e.f.controller.CustomerController      : customer Request : CustomerRequestDto(searchType=passport, searchValue=AA1234567)
2022-08-10 15:23:07.993  INFO 32812 --- [http-nio-8097-exec-9] c.e.f.controller.LogController           : requestBody : LogActivityRequestDto(actId=null, actType=1, actDate=Wed Aug 10 15:23:07 ICT 2022, actDetail=SearchCustomer, actFullDetail={ searchType = passport, searchValue = AA1234567 }, userId=11358, comName=somjaiPC, tranId=0, tranType=0, tranCode=null, tranBankFrom=null, tranBankTo=null, memo=null, errCode=0000, errDesc=success, actStatus=1, pageCode=PAGE001, pageName=Transfer_Page)
2022-08-10 15:23:24.007  INFO 32812 --- [http-nio-8097-exec-6] c.e.f.controller.CustomerController      : customer Request : CustomerRequestDto(searchType=customername, searchValue=?????)
2022-08-10 15:23:24.067  INFO 32812 --- [http-nio-8097-exec-7] c.e.f.controller.LogController           : requestBody : LogActivityRequestDto(actId=null, actType=1, actDate=Wed Aug 10 15:23:24 ICT 2022, actDetail=SearchCustomer, actFullDetail={ searchType = customername, searchValue = ????? }, userId=11358, comName=somjaiPC, tranId=0, tranType=0, tranCode=null, tranBankFrom=null, tranBankTo=null, memo=null, errCode=0000, errDesc=success, actStatus=1, pageCode=PAGE001, pageName=Transfer_Page)
2022-08-10 15:23:35.675  INFO 32812 --- [http-nio-8097-exec-4] c.e.f.controller.CustomerController      : customer Request : CustomerRequestDto(searchType=customername, searchValue=?????)
2022-08-10 15:23:35.702  INFO 32812 --- [http-nio-8097-exec-5] c.e.f.controller.LogController           : requestBody : LogActivityRequestDto(actId=null, actType=1, actDate=Wed Aug 10 15:23:35 ICT 2022, actDetail=SearchCustomer, actFullDetail={ searchType = customername, searchValue = ????? }, userId=11358, comName=somjaiPC, tranId=0, tranType=0, tranCode=null, tranBankFrom=null, tranBankTo=null, memo=null, errCode=0000, errDesc=success, actStatus=1, pageCode=PAGE001, pageName=Transfer_Page)
2022-08-10 15:24:12.041  INFO 32812 --- [http-nio-8097-exec-2] c.e.f.controller.CustomerController      : customer Request : CustomerRequestDto(searchType=customername, searchValue=?????)
2022-08-10 15:24:29.354  INFO 32812 --- [http-nio-8097-exec-3] c.e.f.controller.CustomerController      : customer Request : CustomerRequestDto(searchType=customername, searchValue=???)
2022-08-10 15:24:29.382  INFO 32812 --- [http-nio-8097-exec-6] c.e.f.controller.LogController           : requestBody : LogActivityRequestDto(actId=null, actType=1, actDate=Wed Aug 10 15:24:29 ICT 2022, actDetail=SearchCustomer, actFullDetail={ searchType = customername, searchValue = ??? }, userId=11358, comName=somjaiPC, tranId=0, tranType=0, tranCode=null, tranBankFrom=null, tranBankTo=null, memo=null, errCode=0000, errDesc=success, actStatus=1, pageCode=PAGE001, pageName=Transfer_Page)
2022-08-10 15:24:33.433  INFO 32812 --- [http-nio-8097-exec-10] c.e.f.controller.LogController           : requestBody : LogActivityRequestDto(actId=null, actType=2, actDate=Wed Aug 10 15:24:33 ICT 2022, actDetail=SelectCustomer, actFullDetail=null, userId=11358, comName=somjaiPC, tranId=0, tranType=0, tranCode=null, tranBankFrom=null, tranBankTo=null, memo=null, errCode=0000, errDesc=Success, actStatus=1, pageCode=PAGE001, pageName=Transfer_Page)
2022-08-10 15:24:44.592  INFO 32812 --- [http-nio-8097-exec-5] c.e.f.controller.CustomerController      : customer Request : CustomerRequestDto(searchType=customername, searchValue=??)
2022-08-10 15:25:47.839  INFO 32812 --- [http-nio-8097-exec-8] c.e.f.controller.CustomerController      : customer Request : CustomerRequestDto(searchType=citizen, searchValue=1100800745551)
2022-08-10 15:25:47.957  INFO 32812 --- [http-nio-8097-exec-2] c.e.f.controller.LogController           : requestBody : LogActivityRequestDto(actId=null, actType=1, actDate=Wed Aug 10 15:25:47 ICT 2022, actDetail=SearchCustomer, actFullDetail={ searchType = citizen, searchValue = 1100800745551 }, userId=11358, comName=somjaiPC, tranId=0, tranType=0, tranCode=null, tranBankFrom=null, tranBankTo=null, memo=null, errCode=0000, errDesc=success, actStatus=1, pageCode=PAGE001, pageName=Transfer_Page)
2022-08-10 15:25:49.181  INFO 32812 --- [http-nio-8097-exec-7] c.e.f.controller.LogController           : requestBody : LogActivityRequestDto(actId=null, actType=2, actDate=Wed Aug 10 15:25:49 ICT 2022, actDetail=SelectCustomer, actFullDetail=null, userId=11358, comName=somjaiPC, tranId=0, tranType=0, tranCode=null, tranBankFrom=null, tranBankTo=null, memo=null, errCode=0000, errDesc=Success, actStatus=1, pageCode=PAGE001, pageName=Transfer_Page)
2022-08-10 15:26:28.850  INFO 32812 --- [http-nio-8097-exec-5] c.e.f.controller.LogController           : requestBody : LogActivityRequestDto(actId=null, actType=3, actDate=Wed Aug 10 15:26:28 ICT 2022, actDetail=CheckSign, actFullDetail=null, userId=11358, comName=somjaiPC, tranId=0, tranType=0, tranCode=null, tranBankFrom=null, tranBankTo=null, memo=null, errCode=0000, errDesc=Success, actStatus=1, pageCode=PAGE001, pageName=Transfer_Page)
2022-08-10 15:28:15.167  INFO 32812 --- [http-nio-8097-exec-8] c.e.f.controller.LogController           : requestBody : LogActivityRequestDto(actId=null, actType=3, actDate=Wed Aug 10 15:28:15 ICT 2022, actDetail=CheckSign, actFullDetail=null, userId=11358, comName=somjaiPC, tranId=0, tranType=0, tranCode=null, tranBankFrom=null, tranBankTo=null, memo=null, errCode=0000, errDesc=Success, actStatus=1, pageCode=PAGE001, pageName=Transfer_Page)
2022-08-10 15:28:23.229  INFO 32812 --- [http-nio-8097-exec-6] c.e.f.controller.LogController           : requestBody : LogActivityRequestDto(actId=null, actType=4, actDate=Wed Aug 10 15:28:23 ICT 2022, actDetail=PreTransfer, actFullDetail=MainModule.Models.Transfer.CoreBank.ConfirmInfoRequest, userId=11358, comName=somjaiPC, tranId=0, tranType=0, tranCode=SMTR0036, tranBankFrom=SMTR, tranBankTo=null, memo=null, errCode=success, errDesc=success, actStatus=1, pageCode=PAGE002, pageName=PreTransfer_Page)
2022-08-10 15:28:55.325  INFO 32812 --- [http-nio-8097-exec-10] c.e.f.controller.LogController           : request logTransaction : LogTransactionRequestDto(tranId=null, tranDate=Wed Aug 10 15:28:55 ICT 2022, tranCode=SMTR0036, tranType=95, custId=52adb621-1c5c-4f69-b4eb-4cd103f8f92b              , cifId=1100800745551                       , mobileNo=0818116782, fromBankCode=950, fromAccType=11, fromAccNo=950102002557005, fromAccNickName=???????? ??? B (?????02), fromAccName=???????? ??? B (?????02), toBankCode=950, toAccType=11, toAccNo=950101000010911, toAccNickName=???????????? ??????, toAccName=???????????? ??????, fee1=0.0, amount=1.0, currencyCode=null, tranStatus=1, memo=???????????, errCode=200, errDesc=success)
2022-08-10 15:28:55.387  INFO 32812 --- [http-nio-8097-exec-4] c.e.f.controller.LogController           : requestBody : LogActivityRequestDto(actId=null, actType=5, actDate=Wed Aug 10 15:28:55 ICT 2022, actDetail=CompleteTransfer, actFullDetail=MainModule.Models.Transfer.CoreBank.ConfirmInfoRequest, userId=11358, comName=somjaiPC, tranId=23, tranType=95, tranCode=SMTR0036, tranBankFrom=SMTR, tranBankTo=null, memo=???????????, errCode=success, errDesc=success, actStatus=1, pageCode=PAGE003, pageName=CompleteTransfer_Page)
2022-08-10 15:29:58.808  INFO 32812 --- [http-nio-8097-exec-8] c.e.f.controller.LogController           : requestBody : LogActivityRequestDto(actId=null, actType=3, actDate=Wed Aug 10 15:29:58 ICT 2022, actDetail=CheckSign, actFullDetail=null, userId=11358, comName=somjaiPC, tranId=0, tranType=0, tranCode=null, tranBankFrom=null, tranBankTo=null, memo=null, errCode=0000, errDesc=Success, actStatus=1, pageCode=PAGE001, pageName=Transfer_Page)
2022-08-10 15:32:51.143  INFO 32812 --- [http-nio-8097-exec-3] c.e.f.controller.CustomerController      : customer Request : CustomerRequestDto(searchType=citizen, searchValue=1100800745551)
2022-08-10 15:32:51.218  INFO 32812 --- [http-nio-8097-exec-6] c.e.f.controller.LogController           : requestBody : LogActivityRequestDto(actId=null, actType=1, actDate=Wed Aug 10 15:32:51 ICT 2022, actDetail=SearchCustomer, actFullDetail={ searchType = citizen, searchValue = 1100800745551 }, userId=11358, comName=somjaiPC, tranId=0, tranType=0, tranCode=null, tranBankFrom=null, tranBankTo=null, memo=null, errCode=0000, errDesc=success, actStatus=1, pageCode=PAGE001, pageName=Transfer_Page)
2022-08-10 15:32:52.373  INFO 32812 --- [http-nio-8097-exec-10] c.e.f.controller.LogController           : requestBody : LogActivityRequestDto(actId=null, actType=2, actDate=Wed Aug 10 15:32:52 ICT 2022, actDetail=SelectCustomer, actFullDetail=null, userId=11358, comName=somjaiPC, tranId=0, tranType=0, tranCode=null, tranBankFrom=null, tranBankTo=null, memo=null, errCode=0000, errDesc=Success, actStatus=1, pageCode=PAGE001, pageName=Transfer_Page)
2022-08-10 15:33:15.831  INFO 32812 --- [http-nio-8097-exec-8] c.e.f.controller.LogController           : requestBody : LogActivityRequestDto(actId=null, actType=3, actDate=Wed Aug 10 15:33:15 ICT 2022, actDetail=CheckSign, actFullDetail=null, userId=11358, comName=somjaiPC, tranId=0, tranType=0, tranCode=null, tranBankFrom=null, tranBankTo=null, memo=null, errCode=0000, errDesc=Success, actStatus=1, pageCode=PAGE001, pageName=Transfer_Page)
2022-08-10 15:33:19.634  INFO 32812 --- [http-nio-8097-exec-6] c.e.f.controller.LogController           : requestBody : LogActivityRequestDto(actId=null, actType=4, actDate=Wed Aug 10 15:33:19 ICT 2022, actDetail=PreTransfer, actFullDetail=MainModule.Models.Transfer.CoreBank.ConfirmInfoRequest, userId=11358, comName=somjaiPC, tranId=0, tranType=0, tranCode=SMTR0037, tranBankFrom=SMTR, tranBankTo=null, memo=????????????, errCode=success, errDesc=success, actStatus=1, pageCode=PAGE002, pageName=PreTransfer_Page)
2022-08-10 15:33:22.814  INFO 32812 --- [http-nio-8097-exec-10] c.e.f.controller.LogController           : request logTransaction : LogTransactionRequestDto(tranId=null, tranDate=Wed Aug 10 15:33:22 ICT 2022, tranCode=SMTR0037, tranType=95, custId=52adb621-1c5c-4f69-b4eb-4cd103f8f92b              , cifId=1100800745551                       , mobileNo=0818116782, fromBankCode=950, fromAccType=11, fromAccNo=950102002557005, fromAccNickName=???????? ??? B (?????02), fromAccName=???????? ??? B (?????02), toBankCode=950, toAccType=11, toAccNo=950101000010911, toAccNickName=???????????? ??????, toAccName=???????????? ??????, fee1=0.0, amount=1.0, currencyCode=null, tranStatus=1, memo=????????????, errCode=200, errDesc=success)
2022-08-10 15:33:22.890  INFO 32812 --- [http-nio-8097-exec-4] c.e.f.controller.LogController           : requestBody : LogActivityRequestDto(actId=null, actType=5, actDate=Wed Aug 10 15:33:22 ICT 2022, actDetail=CompleteTransfer, actFullDetail=MainModule.Models.Transfer.CoreBank.ConfirmInfoRequest, userId=11358, comName=somjaiPC, tranId=24, tranType=95, tranCode=SMTR0037, tranBankFrom=SMTR, tranBankTo=null, memo=????????????, errCode=success, errDesc=success, actStatus=1, pageCode=PAGE003, pageName=CompleteTransfer_Page)
2022-08-10 16:07:46.893  INFO 32812 --- [SpringApplicationShutdownHook] j.LocalContainerEntityManagerFactoryBean : Closing JPA EntityManagerFactory for persistence unit 'default'
2022-08-10 16:07:46.898  INFO 32812 --- [SpringApplicationShutdownHook] com.zaxxer.hikari.HikariDataSource       : HikariPool-1 - Shutdown initiated...
2022-08-10 16:07:46.908  INFO 32812 --- [SpringApplicationShutdownHook] com.zaxxer.hikari.HikariDataSource       : HikariPool-1 - Shutdown completed.
2022-08-10 16:07:55.110  INFO 23176 --- [main] c.e.f.FinalWpfTransferApplication        : Starting FinalWpfTransferApplication using Java 17.0.3 on Siritaporn_ma with PID 23176 (D:\Project Java\final_wpf_transfer\bin\main started by Dell in D:\Project Java\final_wpf_transfer)
2022-08-10 16:07:55.114  INFO 23176 --- [main] c.e.f.FinalWpfTransferApplication        : No active profile set, falling back to 1 default profile: "default"
2022-08-10 16:07:56.256  INFO 23176 --- [main] .s.d.r.c.RepositoryConfigurationDelegate : Bootstrapping Spring Data JPA repositories in DEFAULT mode.
2022-08-10 16:07:56.399  INFO 23176 --- [main] .s.d.r.c.RepositoryConfigurationDelegate : Finished Spring Data repository scanning in 129 ms. Found 6 JPA repository interfaces.
2022-08-10 16:07:57.344  INFO 23176 --- [main] o.s.b.w.embedded.tomcat.TomcatWebServer  : Tomcat initialized with port(s): 8097 (http)
2022-08-10 16:07:57.362  INFO 23176 --- [main] o.apache.catalina.core.StandardService   : Starting service [Tomcat]
2022-08-10 16:07:57.363  INFO 23176 --- [main] org.apache.catalina.core.StandardEngine  : Starting Servlet engine: [Apache Tomcat/9.0.65]
2022-08-10 16:07:57.590  INFO 23176 --- [main] o.a.c.c.C.[Tomcat].[localhost].[/]       : Initializing Spring embedded WebApplicationContext
2022-08-10 16:07:57.592  INFO 23176 --- [main] w.s.c.ServletWebServerApplicationContext : Root WebApplicationContext: initialization completed in 2369 ms
2022-08-10 16:07:58.028  INFO 23176 --- [main] o.hibernate.jpa.internal.util.LogHelper  : HHH000204: Processing PersistenceUnitInfo [name: default]
2022-08-10 16:07:58.127  INFO 23176 --- [main] org.hibernate.Version                    : HHH000412: Hibernate ORM core version 5.6.10.Final
2022-08-10 16:07:58.510  INFO 23176 --- [main] o.hibernate.annotations.common.Version   : HCANN000001: Hibernate Commons Annotations {5.1.2.Final}
2022-08-10 16:07:58.678  INFO 23176 --- [main] com.zaxxer.hikari.HikariDataSource       : HikariPool-1 - Starting...
2022-08-10 16:07:59.076  INFO 23176 --- [main] com.zaxxer.hikari.HikariDataSource       : HikariPool-1 - Start completed.
2022-08-10 16:07:59.109  INFO 23176 --- [main] org.hibernate.dialect.Dialect            : HHH000400: Using dialect: org.hibernate.dialect.SQLServer2008Dialect
2022-08-10 16:07:59.404 ERROR 23176 --- [main] j.LocalContainerEntityManagerFactoryBean : Failed to initialize JPA EntityManagerFactory: No identifier specified for entity: com.example.final_wpf_transfer.model.SmsRegister
2022-08-10 16:07:59.406  WARN 23176 --- [main] ConfigServletWebServerApplicationContext : Exception encountered during context initialization - cancelling refresh attempt: org.springframework.beans.factory.BeanCreationException: Error creating bean with name 'entityManagerFactory' defined in class path resource [org/springframework/boot/autoconfigure/orm/jpa/HibernateJpaConfiguration.class]: Invocation of init method failed; nested exception is org.hibernate.AnnotationException: No identifier specified for entity: com.example.final_wpf_transfer.model.SmsRegister
2022-08-10 16:07:59.409  INFO 23176 --- [main] com.zaxxer.hikari.HikariDataSource       : HikariPool-1 - Shutdown initiated...
2022-08-10 16:07:59.436  INFO 23176 --- [main] com.zaxxer.hikari.HikariDataSource       : HikariPool-1 - Shutdown completed.
2022-08-10 16:07:59.443  INFO 23176 --- [main] o.apache.catalina.core.StandardService   : Stopping service [Tomcat]
2022-08-10 16:07:59.461  INFO 23176 --- [main] ConditionEvaluationReportLoggingListener : 

Error starting ApplicationContext. To display the conditions report re-run your application with 'debug' enabled.
2022-08-10 16:07:59.503 ERROR 23176 --- [main] o.s.boot.SpringApplication               : Application run failed

org.springframework.beans.factory.BeanCreationException: Error creating bean with name 'entityManagerFactory' defined in class path resource [org/springframework/boot/autoconfigure/orm/jpa/HibernateJpaConfiguration.class]: Invocation of init method failed; nested exception is org.hibernate.AnnotationException: No identifier specified for entity: com.example.final_wpf_transfer.model.SmsRegister
	at org.springframework.beans.factory.support.AbstractAutowireCapableBeanFactory.initializeBean(AbstractAutowireCapableBeanFactory.java:1804) ~[spring-beans-5.3.22.jar:5.3.22]
	at org.springframework.beans.factory.support.AbstractAutowireCapableBeanFactory.doCreateBean(AbstractAutowireCapableBeanFactory.java:620) ~[spring-beans-5.3.22.jar:5.3.22]
	at org.springframework.beans.factory.support.AbstractAutowireCapableBeanFactory.createBean(AbstractAutowireCapableBeanFactory.java:542) ~[spring-beans-5.3.22.jar:5.3.22]
	at org.springframework.beans.factory.support.AbstractBeanFactory.lambda$doGetBean$0(AbstractBeanFactory.java:335) ~[spring-beans-5.3.22.jar:5.3.22]
	at org.springframework.beans.factory.support.DefaultSingletonBeanRegistry.getSingleton(DefaultSingletonBeanRegistry.java:234) ~[spring-beans-5.3.22.jar:5.3.22]
	at org.springframework.beans.factory.support.AbstractBeanFactory.doGetBean(AbstractBeanFactory.java:333) ~[spring-beans-5.3.22.jar:5.3.22]
	at org.springframework.beans.factory.support.AbstractBeanFactory.getBean(AbstractBeanFactory.java:208) ~[spring-beans-5.3.22.jar:5.3.22]
	at org.springframework.context.support.AbstractApplicationContext.getBean(AbstractApplicationContext.java:1154) ~[spring-context-5.3.22.jar:5.3.22]
	at org.springframework.context.support.AbstractApplicationContext.finishBeanFactoryInitialization(AbstractApplicationContext.java:908) ~[spring-context-5.3.22.jar:5.3.22]
	at org.springframework.context.support.AbstractApplicationContext.refresh(AbstractApplicationContext.java:583) ~[spring-context-5.3.22.jar:5.3.22]
	at org.springframework.boot.web.servlet.context.ServletWebServerApplicationContext.refresh(ServletWebServerApplicationContext.java:147) ~[spring-boot-2.7.2.jar:2.7.2]
	at org.springframework.boot.SpringApplication.refresh(SpringApplication.java:734) ~[spring-boot-2.7.2.jar:2.7.2]
	at org.springframework.boot.SpringApplication.refreshContext(SpringApplication.java:408) ~[spring-boot-2.7.2.jar:2.7.2]
	at org.springframework.boot.SpringApplication.run(SpringApplication.java:308) ~[spring-boot-2.7.2.jar:2.7.2]
	at org.springframework.boot.SpringApplication.run(SpringApplication.java:1306) ~[spring-boot-2.7.2.jar:2.7.2]
	at org.springframework.boot.SpringApplication.run(SpringApplication.java:1295) ~[spring-boot-2.7.2.jar:2.7.2]
	at com.example.final_wpf_transfer.FinalWpfTransferApplication.main(FinalWpfTransferApplication.java:10) ~[main/:na]
Caused by: org.hibernate.AnnotationException: No identifier specified for entity: com.example.final_wpf_transfer.model.SmsRegister
	at org.hibernate.cfg.InheritanceState.determineDefaultAccessType(InheritanceState.java:266) ~[hibernate-core-5.6.10.Final.jar:5.6.10.Final]
	at org.hibernate.cfg.InheritanceState.getElementsToProcess(InheritanceState.java:211) ~[hibernate-core-5.6.10.Final.jar:5.6.10.Final]
	at org.hibernate.cfg.AnnotationBinder.bindClass(AnnotationBinder.java:772) ~[hibernate-core-5.6.10.Final.jar:5.6.10.Final]
	at org.hibernate.boot.model.source.internal.annotations.AnnotationMetadataSourceProcessorImpl.processEntityHierarchies(AnnotationMetadataSourceProcessorImpl.java:225) ~[hibernate-core-5.6.10.Final.jar:5.6.10.Final]
	at org.hibernate.boot.model.process.spi.MetadataBuildingProcess$1.processEntityHierarchies(MetadataBuildingProcess.java:239) ~[hibernate-core-5.6.10.Final.jar:5.6.10.Final]
	at org.hibernate.boot.model.process.spi.MetadataBuildingProcess.complete(MetadataBuildingProcess.java:282) ~[hibernate-core-5.6.10.Final.jar:5.6.10.Final]
	at org.hibernate.jpa.boot.internal.EntityManagerFactoryBuilderImpl.metadata(EntityManagerFactoryBuilderImpl.java:1460) ~[hibernate-core-5.6.10.Final.jar:5.6.10.Final]
	at org.hibernate.jpa.boot.internal.EntityManagerFactoryBuilderImpl.build(EntityManagerFactoryBuilderImpl.java:1494) ~[hibernate-core-5.6.10.Final.jar:5.6.10.Final]
	at org.springframework.orm.jpa.vendor.SpringHibernateJpaPersistenceProvider.createContainerEntityManagerFactory(SpringHibernateJpaPersistenceProvider.java:58) ~[spring-orm-5.3.22.jar:5.3.22]
	at org.springframework.orm.jpa.LocalContainerEntityManagerFactoryBean.createNativeEntityManagerFactory(LocalContainerEntityManagerFactoryBean.java:365) ~[spring-orm-5.3.22.jar:5.3.22]
	at org.springframework.orm.jpa.AbstractEntityManagerFactoryBean.buildNativeEntityManagerFactory(AbstractEntityManagerFactoryBean.java:409) ~[spring-orm-5.3.22.jar:5.3.22]
	at org.springframework.orm.jpa.AbstractEntityManagerFactoryBean.afterPropertiesSet(AbstractEntityManagerFactoryBean.java:396) ~[spring-orm-5.3.22.jar:5.3.22]
	at org.springframework.orm.jpa.LocalContainerEntityManagerFactoryBean.afterPropertiesSet(LocalContainerEntityManagerFactoryBean.java:341) ~[spring-orm-5.3.22.jar:5.3.22]
	at org.springframework.beans.factory.support.AbstractAutowireCapableBeanFactory.invokeInitMethods(AbstractAutowireCapableBeanFactory.java:1863) ~[spring-beans-5.3.22.jar:5.3.22]
	at org.springframework.beans.factory.support.AbstractAutowireCapableBeanFactory.initializeBean(AbstractAutowireCapableBeanFactory.java:1800) ~[spring-beans-5.3.22.jar:5.3.22]
	... 16 common frames omitted

2022-08-10 16:09:06.070  INFO 19884 --- [main] c.e.f.FinalWpfTransferApplication        : Starting FinalWpfTransferApplication using Java 17.0.3 on Siritaporn_ma with PID 19884 (D:\Project Java\final_wpf_transfer\bin\main started by Dell in D:\Project Java\final_wpf_transfer)
2022-08-10 16:09:06.075  INFO 19884 --- [main] c.e.f.FinalWpfTransferApplication        : No active profile set, falling back to 1 default profile: "default"
2022-08-10 16:09:07.228  INFO 19884 --- [main] .s.d.r.c.RepositoryConfigurationDelegate : Bootstrapping Spring Data JPA repositories in DEFAULT mode.
2022-08-10 16:09:07.342  INFO 19884 --- [main] .s.d.r.c.RepositoryConfigurationDelegate : Finished Spring Data repository scanning in 102 ms. Found 6 JPA repository interfaces.
2022-08-10 16:09:08.389  INFO 19884 --- [main] o.s.b.w.embedded.tomcat.TomcatWebServer  : Tomcat initialized with port(s): 8097 (http)
2022-08-10 16:09:08.416  INFO 19884 --- [main] o.apache.catalina.core.StandardService   : Starting service [Tomcat]
2022-08-10 16:09:08.430  INFO 19884 --- [main] org.apache.catalina.core.StandardEngine  : Starting Servlet engine: [Apache Tomcat/9.0.65]
2022-08-10 16:09:08.649  INFO 19884 --- [main] o.a.c.c.C.[Tomcat].[localhost].[/]       : Initializing Spring embedded WebApplicationContext
2022-08-10 16:09:08.650  INFO 19884 --- [main] w.s.c.ServletWebServerApplicationContext : Root WebApplicationContext: initialization completed in 2468 ms
2022-08-10 16:09:09.070  INFO 19884 --- [main] o.hibernate.jpa.internal.util.LogHelper  : HHH000204: Processing PersistenceUnitInfo [name: default]
2022-08-10 16:09:09.163  INFO 19884 --- [main] org.hibernate.Version                    : HHH000412: Hibernate ORM core version 5.6.10.Final
2022-08-10 16:09:09.471  INFO 19884 --- [main] o.hibernate.annotations.common.Version   : HCANN000001: Hibernate Commons Annotations {5.1.2.Final}
2022-08-10 16:09:09.652  INFO 19884 --- [main] com.zaxxer.hikari.HikariDataSource       : HikariPool-1 - Starting...
2022-08-10 16:09:10.098  INFO 19884 --- [main] com.zaxxer.hikari.HikariDataSource       : HikariPool-1 - Start completed.
2022-08-10 16:09:10.143  INFO 19884 --- [main] org.hibernate.dialect.Dialect            : HHH000400: Using dialect: org.hibernate.dialect.SQLServer2008Dialect
2022-08-10 16:09:11.361  INFO 19884 --- [main] o.h.e.t.j.p.i.JtaPlatformInitiator       : HHH000490: Using JtaPlatform implementation: [org.hibernate.engine.transaction.jta.platform.internal.NoJtaPlatform]
2022-08-10 16:09:11.371  INFO 19884 --- [main] j.LocalContainerEntityManagerFactoryBean : Initialized JPA EntityManagerFactory for persistence unit 'default'
2022-08-10 16:09:12.311  WARN 19884 --- [main] JpaBaseConfiguration$JpaWebConfiguration : spring.jpa.open-in-view is enabled by default. Therefore, database queries may be performed during view rendering. Explicitly configure spring.jpa.open-in-view to disable this warning
2022-08-10 16:09:12.852  INFO 19884 --- [main] o.s.b.w.embedded.tomcat.TomcatWebServer  : Tomcat started on port(s): 8097 (http) with context path ''
2022-08-10 16:09:12.870  INFO 19884 --- [main] c.e.f.FinalWpfTransferApplication        : Started FinalWpfTransferApplication in 7.468 seconds (JVM running for 8.07)
2022-08-10 16:09:46.181  INFO 19884 --- [http-nio-8097-exec-1] o.a.c.c.C.[Tomcat].[localhost].[/]       : Initializing Spring DispatcherServlet 'dispatcherServlet'
2022-08-10 16:09:46.182  INFO 19884 --- [http-nio-8097-exec-1] o.s.web.servlet.DispatcherServlet        : Initializing Servlet 'dispatcherServlet'
2022-08-10 16:09:46.183  INFO 19884 --- [http-nio-8097-exec-1] o.s.web.servlet.DispatcherServlet        : Completed initialization in 1 ms
2022-08-10 16:10:47.202 ERROR 19884 --- [http-nio-8097-exec-2] o.a.c.c.C.[.[.[/].[dispatcherServlet]    : Servlet.service() for servlet [dispatcherServlet] in context with path [] threw exception [Request processing failed; nested exception is org.springframework.orm.jpa.JpaSystemException: ids for this class must be manually assigned before calling save(): com.example.final_wpf_transfer.model.SmsRegister; nested exception is org.hibernate.id.IdentifierGenerationException: ids for this class must be manually assigned before calling save(): com.example.final_wpf_transfer.model.SmsRegister] with root cause

org.hibernate.id.IdentifierGenerationException: ids for this class must be manually assigned before calling save(): com.example.final_wpf_transfer.model.SmsRegister
	at org.hibernate.id.Assigned.generate(Assigned.java:33) ~[hibernate-core-5.6.10.Final.jar:5.6.10.Final]
	at org.hibernate.event.internal.AbstractSaveEventListener.saveWithGeneratedId(AbstractSaveEventListener.java:115) ~[hibernate-core-5.6.10.Final.jar:5.6.10.Final]
	at org.hibernate.event.internal.DefaultPersistEventListener.entityIsTransient(DefaultPersistEventListener.java:185) ~[hibernate-core-5.6.10.Final.jar:5.6.10.Final]
	at org.hibernate.event.internal.DefaultPersistEventListener.onPersist(DefaultPersistEventListener.java:128) ~[hibernate-core-5.6.10.Final.jar:5.6.10.Final]
	at org.hibernate.event.internal.DefaultPersistEventListener.onPersist(DefaultPersistEventListener.java:55) ~[hibernate-core-5.6.10.Final.jar:5.6.10.Final]
	at org.hibernate.event.service.internal.EventListenerGroupImpl.fireEventOnEachListener(EventListenerGroupImpl.java:107) ~[hibernate-core-5.6.10.Final.jar:5.6.10.Final]
	at org.hibernate.internal.SessionImpl.firePersist(SessionImpl.java:756) ~[hibernate-core-5.6.10.Final.jar:5.6.10.Final]
	at org.hibernate.internal.SessionImpl.persist(SessionImpl.java:742) ~[hibernate-core-5.6.10.Final.jar:5.6.10.Final]
	at java.base/jdk.internal.reflect.NativeMethodAccessorImpl.invoke0(Native Method) ~[na:na]
	at java.base/jdk.internal.reflect.NativeMethodAccessorImpl.invoke(Unknown Source) ~[na:na]
	at java.base/jdk.internal.reflect.DelegatingMethodAccessorImpl.invoke(Unknown Source) ~[na:na]
	at java.base/java.lang.reflect.Method.invoke(Unknown Source) ~[na:na]
	at org.springframework.orm.jpa.ExtendedEntityManagerCreator$ExtendedEntityManagerInvocationHandler.invoke(ExtendedEntityManagerCreator.java:362) ~[spring-orm-5.3.22.jar:5.3.22]
	at jdk.proxy2/jdk.proxy2.$Proxy111.persist(Unknown Source) ~[na:na]
	at java.base/jdk.internal.reflect.NativeMethodAccessorImpl.invoke0(Native Method) ~[na:na]
	at java.base/jdk.internal.reflect.NativeMethodAccessorImpl.invoke(Unknown Source) ~[na:na]
	at java.base/jdk.internal.reflect.DelegatingMethodAccessorImpl.invoke(Unknown Source) ~[na:na]
	at java.base/java.lang.reflect.Method.invoke(Unknown Source) ~[na:na]
	at org.springframework.orm.jpa.SharedEntityManagerCreator$SharedEntityManagerInvocationHandler.invoke(SharedEntityManagerCreator.java:311) ~[spring-orm-5.3.22.jar:5.3.22]
	at jdk.proxy2/jdk.proxy2.$Proxy111.persist(Unknown Source) ~[na:na]
	at org.springframework.data.jpa.repository.support.SimpleJpaRepository.save(SimpleJpaRepository.java:666) ~[spring-data-jpa-2.7.2.jar:2.7.2]
	at java.base/jdk.internal.reflect.NativeMethodAccessorImpl.invoke0(Native Method) ~[na:na]
	at java.base/jdk.internal.reflect.NativeMethodAccessorImpl.invoke(Unknown Source) ~[na:na]
	at java.base/jdk.internal.reflect.DelegatingMethodAccessorImpl.invoke(Unknown Source) ~[na:na]
	at java.base/java.lang.reflect.Method.invoke(Unknown Source) ~[na:na]
	at org.springframework.data.repository.core.support.RepositoryMethodInvoker$RepositoryFragmentMethodInvoker.lambda$new$0(RepositoryMethodInvoker.java:289) ~[spring-data-commons-2.7.2.jar:2.7.2]
	at org.springframework.data.repository.core.support.RepositoryMethodInvoker.doInvoke(RepositoryMethodInvoker.java:137) ~[spring-data-commons-2.7.2.jar:2.7.2]
	at org.springframework.data.repository.core.support.RepositoryMethodInvoker.invoke(RepositoryMethodInvoker.java:121) ~[spring-data-commons-2.7.2.jar:2.7.2]
	at org.springframework.data.repository.core.support.RepositoryComposition$RepositoryFragments.invoke(RepositoryComposition.java:530) ~[spring-data-commons-2.7.2.jar:2.7.2]
	at org.springframework.data.repository.core.support.RepositoryComposition.invoke(RepositoryComposition.java:286) ~[spring-data-commons-2.7.2.jar:2.7.2]
	at org.springframework.data.repository.core.support.RepositoryFactorySupport$ImplementationMethodExecutionInterceptor.invoke(RepositoryFactorySupport.java:640) ~[spring-data-commons-2.7.2.jar:2.7.2]
	at org.springframework.aop.framework.ReflectiveMethodInvocation.proceed(ReflectiveMethodInvocation.java:186) ~[spring-aop-5.3.22.jar:5.3.22]
	at org.springframework.data.repository.core.support.QueryExecutorMethodInterceptor.doInvoke(QueryExecutorMethodInterceptor.java:164) ~[spring-data-commons-2.7.2.jar:2.7.2]
	at org.springframework.data.repository.core.support.QueryExecutorMethodInterceptor.invoke(QueryExecutorMethodInterceptor.java:139) ~[spring-data-commons-2.7.2.jar:2.7.2]
	at org.springframework.aop.framework.ReflectiveMethodInvocation.proceed(ReflectiveMethodInvocation.java:186) ~[spring-aop-5.3.22.jar:5.3.22]
	at org.springframework.data.projection.DefaultMethodInvokingMethodInterceptor.invoke(DefaultMethodInvokingMethodInterceptor.java:81) ~[spring-data-commons-2.7.2.jar:2.7.2]
	at org.springframework.aop.framework.ReflectiveMethodInvocation.proceed(ReflectiveMethodInvocation.java:186) ~[spring-aop-5.3.22.jar:5.3.22]
	at org.springframework.transaction.interceptor.TransactionInterceptor$1.proceedWithInvocation(TransactionInterceptor.java:123) ~[spring-tx-5.3.22.jar:5.3.22]
	at org.springframework.transaction.interceptor.TransactionAspectSupport.invokeWithinTransaction(TransactionAspectSupport.java:388) ~[spring-tx-5.3.22.jar:5.3.22]
	at org.springframework.transaction.interceptor.TransactionInterceptor.invoke(TransactionInterceptor.java:119) ~[spring-tx-5.3.22.jar:5.3.22]
	at org.springframework.aop.framework.ReflectiveMethodInvocation.proceed(ReflectiveMethodInvocation.java:186) ~[spring-aop-5.3.22.jar:5.3.22]
	at org.springframework.dao.support.PersistenceExceptionTranslationInterceptor.invoke(PersistenceExceptionTranslationInterceptor.java:137) ~[spring-tx-5.3.22.jar:5.3.22]
	at org.springframework.aop.framework.ReflectiveMethodInvocation.proceed(ReflectiveMethodInvocation.java:186) ~[spring-aop-5.3.22.jar:5.3.22]
	at org.springframework.data.jpa.repository.support.CrudMethodMetadataPostProcessor$CrudMethodMetadataPopulatingMethodInterceptor.invoke(CrudMethodMetadataPostProcessor.java:174) ~[spring-data-jpa-2.7.2.jar:2.7.2]
	at org.springframework.aop.framework.ReflectiveMethodInvocation.proceed(ReflectiveMethodInvocation.java:186) ~[spring-aop-5.3.22.jar:5.3.22]
	at org.springframework.aop.interceptor.ExposeInvocationInterceptor.invoke(ExposeInvocationInterceptor.java:97) ~[spring-aop-5.3.22.jar:5.3.22]
	at org.springframework.aop.framework.ReflectiveMethodInvocation.proceed(ReflectiveMethodInvocation.java:186) ~[spring-aop-5.3.22.jar:5.3.22]
	at org.springframework.aop.framework.JdkDynamicAopProxy.invoke(JdkDynamicAopProxy.java:215) ~[spring-aop-5.3.22.jar:5.3.22]
	at jdk.proxy2/jdk.proxy2.$Proxy123.save(Unknown Source) ~[na:na]
	at com.example.final_wpf_transfer.service.SmsRegisterService.AddSmsRegister(SmsRegisterService.java:19) ~[main/:na]
	at com.example.final_wpf_transfer.service.SmsRegisterService$$FastClassBySpringCGLIB$$52183549.invoke(<generated>) ~[main/:na]
	at org.springframework.cglib.proxy.MethodProxy.invoke(MethodProxy.java:218) ~[spring-core-5.3.22.jar:5.3.22]
	at org.springframework.aop.framework.CglibAopProxy$CglibMethodInvocation.invokeJoinpoint(CglibAopProxy.java:793) ~[spring-aop-5.3.22.jar:5.3.22]
	at org.springframework.aop.framework.ReflectiveMethodInvocation.proceed(ReflectiveMethodInvocation.java:163) ~[spring-aop-5.3.22.jar:5.3.22]
	at org.springframework.aop.framework.CglibAopProxy$CglibMethodInvocation.proceed(CglibAopProxy.java:763) ~[spring-aop-5.3.22.jar:5.3.22]
	at org.springframework.transaction.interceptor.TransactionInterceptor$1.proceedWithInvocation(TransactionInterceptor.java:123) ~[spring-tx-5.3.22.jar:5.3.22]
	at org.springframework.transaction.interceptor.TransactionAspectSupport.invokeWithinTransaction(TransactionAspectSupport.java:388) ~[spring-tx-5.3.22.jar:5.3.22]
	at org.springframework.transaction.interceptor.TransactionInterceptor.invoke(TransactionInterceptor.java:119) ~[spring-tx-5.3.22.jar:5.3.22]
	at org.springframework.aop.framework.ReflectiveMethodInvocation.proceed(ReflectiveMethodInvocation.java:186) ~[spring-aop-5.3.22.jar:5.3.22]
	at org.springframework.aop.framework.CglibAopProxy$CglibMethodInvocation.proceed(CglibAopProxy.java:763) ~[spring-aop-5.3.22.jar:5.3.22]
	at org.springframework.aop.framework.CglibAopProxy$DynamicAdvisedInterceptor.intercept(CglibAopProxy.java:708) ~[spring-aop-5.3.22.jar:5.3.22]
	at com.example.final_wpf_transfer.service.SmsRegisterService$$EnhancerBySpringCGLIB$$7b334d8a.AddSmsRegister(<generated>) ~[main/:na]
	at com.example.final_wpf_transfer.controller.SmsRegisterController.AddSmsRegister(SmsRegisterController.java:42) ~[main/:na]
	at java.base/jdk.internal.reflect.NativeMethodAccessorImpl.invoke0(Native Method) ~[na:na]
	at java.base/jdk.internal.reflect.NativeMethodAccessorImpl.invoke(Unknown Source) ~[na:na]
	at java.base/jdk.internal.reflect.DelegatingMethodAccessorImpl.invoke(Unknown Source) ~[na:na]
	at java.base/java.lang.reflect.Method.invoke(Unknown Source) ~[na:na]
	at org.springframework.web.method.support.InvocableHandlerMethod.doInvoke(InvocableHandlerMethod.java:205) ~[spring-web-5.3.22.jar:5.3.22]
	at org.springframework.web.method.support.InvocableHandlerMethod.invokeForRequest(InvocableHandlerMethod.java:150) ~[spring-web-5.3.22.jar:5.3.22]
	at org.springframework.web.servlet.mvc.method.annotation.ServletInvocableHandlerMethod.invokeAndHandle(ServletInvocableHandlerMethod.java:117) ~[spring-webmvc-5.3.22.jar:5.3.22]
	at org.springframework.web.servlet.mvc.method.annotation.RequestMappingHandlerAdapter.invokeHandlerMethod(RequestMappingHandlerAdapter.java:895) ~[spring-webmvc-5.3.22.jar:5.3.22]
	at org.springframework.web.servlet.mvc.method.annotation.RequestMappingHandlerAdapter.handleInternal(RequestMappingHandlerAdapter.java:808) ~[spring-webmvc-5.3.22.jar:5.3.22]
	at org.springframework.web.servlet.mvc.method.AbstractHandlerMethodAdapter.handle(AbstractHandlerMethodAdapter.java:87) ~[spring-webmvc-5.3.22.jar:5.3.22]
	at org.springframework.web.servlet.DispatcherServlet.doDispatch(DispatcherServlet.java:1070) ~[spring-webmvc-5.3.22.jar:5.3.22]
	at org.springframework.web.servlet.DispatcherServlet.doService(DispatcherServlet.java:963) ~[spring-webmvc-5.3.22.jar:5.3.22]
	at org.springframework.web.servlet.FrameworkServlet.processRequest(FrameworkServlet.java:1006) ~[spring-webmvc-5.3.22.jar:5.3.22]
	at org.springframework.web.servlet.FrameworkServlet.doPost(FrameworkServlet.java:909) ~[spring-webmvc-5.3.22.jar:5.3.22]
	at javax.servlet.http.HttpServlet.service(HttpServlet.java:681) ~[tomcat-embed-core-9.0.65.jar:4.0.FR]
	at org.springframework.web.servlet.FrameworkServlet.service(FrameworkServlet.java:883) ~[spring-webmvc-5.3.22.jar:5.3.22]
	at javax.servlet.http.HttpServlet.service(HttpServlet.java:764) ~[tomcat-embed-core-9.0.65.jar:4.0.FR]
	at org.apache.catalina.core.ApplicationFilterChain.internalDoFilter(ApplicationFilterChain.java:227) ~[tomcat-embed-core-9.0.65.jar:9.0.65]
	at org.apache.catalina.core.ApplicationFilterChain.doFilter(ApplicationFilterChain.java:162) ~[tomcat-embed-core-9.0.65.jar:9.0.65]
	at org.apache.tomcat.websocket.server.WsFilter.doFilter(WsFilter.java:53) ~[tomcat-embed-websocket-9.0.65.jar:9.0.65]
	at org.apache.catalina.core.ApplicationFilterChain.internalDoFilter(ApplicationFilterChain.java:189) ~[tomcat-embed-core-9.0.65.jar:9.0.65]
	at org.apache.catalina.core.ApplicationFilterChain.doFilter(ApplicationFilterChain.java:162) ~[tomcat-embed-core-9.0.65.jar:9.0.65]
	at org.springframework.web.filter.RequestContextFilter.doFilterInternal(RequestContextFilter.java:100) ~[spring-web-5.3.22.jar:5.3.22]
	at org.springframework.web.filter.OncePerRequestFilter.doFilter(OncePerRequestFilter.java:117) ~[spring-web-5.3.22.jar:5.3.22]
	at org.apache.catalina.core.ApplicationFilterChain.internalDoFilter(ApplicationFilterChain.java:189) ~[tomcat-embed-core-9.0.65.jar:9.0.65]
	at org.apache.catalina.core.ApplicationFilterChain.doFilter(ApplicationFilterChain.java:162) ~[tomcat-embed-core-9.0.65.jar:9.0.65]
	at org.springframework.web.filter.FormContentFilter.doFilterInternal(FormContentFilter.java:93) ~[spring-web-5.3.22.jar:5.3.22]
	at org.springframework.web.filter.OncePerRequestFilter.doFilter(OncePerRequestFilter.java:117) ~[spring-web-5.3.22.jar:5.3.22]
	at org.apache.catalina.core.ApplicationFilterChain.internalDoFilter(ApplicationFilterChain.java:189) ~[tomcat-embed-core-9.0.65.jar:9.0.65]
	at org.apache.catalina.core.ApplicationFilterChain.doFilter(ApplicationFilterChain.java:162) ~[tomcat-embed-core-9.0.65.jar:9.0.65]
	at org.springframework.web.filter.CharacterEncodingFilter.doFilterInternal(CharacterEncodingFilter.java:201) ~[spring-web-5.3.22.jar:5.3.22]
	at org.springframework.web.filter.OncePerRequestFilter.doFilter(OncePerRequestFilter.java:117) ~[spring-web-5.3.22.jar:5.3.22]
	at org.apache.catalina.core.ApplicationFilterChain.internalDoFilter(ApplicationFilterChain.java:189) ~[tomcat-embed-core-9.0.65.jar:9.0.65]
	at org.apache.catalina.core.ApplicationFilterChain.doFilter(ApplicationFilterChain.java:162) ~[tomcat-embed-core-9.0.65.jar:9.0.65]
	at org.apache.catalina.core.StandardWrapperValve.invoke(StandardWrapperValve.java:197) ~[tomcat-embed-core-9.0.65.jar:9.0.65]
	at org.apache.catalina.core.StandardContextValve.invoke(StandardContextValve.java:97) ~[tomcat-embed-core-9.0.65.jar:9.0.65]
	at org.apache.catalina.authenticator.AuthenticatorBase.invoke(AuthenticatorBase.java:541) ~[tomcat-embed-core-9.0.65.jar:9.0.65]
	at org.apache.catalina.core.StandardHostValve.invoke(StandardHostValve.java:135) ~[tomcat-embed-core-9.0.65.jar:9.0.65]
	at org.apache.catalina.valves.ErrorReportValve.invoke(ErrorReportValve.java:92) ~[tomcat-embed-core-9.0.65.jar:9.0.65]
	at org.apache.catalina.core.StandardEngineValve.invoke(StandardEngineValve.java:78) ~[tomcat-embed-core-9.0.65.jar:9.0.65]
	at org.apache.catalina.connector.CoyoteAdapter.service(CoyoteAdapter.java:360) ~[tomcat-embed-core-9.0.65.jar:9.0.65]
	at org.apache.coyote.http11.Http11Processor.service(Http11Processor.java:399) ~[tomcat-embed-core-9.0.65.jar:9.0.65]
	at org.apache.coyote.AbstractProcessorLight.process(AbstractProcessorLight.java:65) ~[tomcat-embed-core-9.0.65.jar:9.0.65]
	at org.apache.coyote.AbstractProtocol$ConnectionHandler.process(AbstractProtocol.java:890) ~[tomcat-embed-core-9.0.65.jar:9.0.65]
	at org.apache.tomcat.util.net.NioEndpoint$SocketProcessor.doRun(NioEndpoint.java:1789) ~[tomcat-embed-core-9.0.65.jar:9.0.65]
	at org.apache.tomcat.util.net.SocketProcessorBase.run(SocketProcessorBase.java:49) ~[tomcat-embed-core-9.0.65.jar:9.0.65]
	at org.apache.tomcat.util.threads.ThreadPoolExecutor.runWorker(ThreadPoolExecutor.java:1191) ~[tomcat-embed-core-9.0.65.jar:9.0.65]
	at org.apache.tomcat.util.threads.ThreadPoolExecutor$Worker.run(ThreadPoolExecutor.java:659) ~[tomcat-embed-core-9.0.65.jar:9.0.65]
	at org.apache.tomcat.util.threads.TaskThread$WrappingRunnable.run(TaskThread.java:61) ~[tomcat-embed-core-9.0.65.jar:9.0.65]
	at java.base/java.lang.Thread.run(Unknown Source) ~[na:na]

2022-08-10 16:11:10.710  INFO 32912 --- [main] c.e.f.FinalWpfTransferApplication        : Starting FinalWpfTransferApplication using Java 17.0.3 on Siritaporn_ma with PID 32912 (D:\Project Java\final_wpf_transfer\bin\main started by Dell in D:\Project Java\final_wpf_transfer)
2022-08-10 16:11:10.719  INFO 32912 --- [main] c.e.f.FinalWpfTransferApplication        : No active profile set, falling back to 1 default profile: "default"
2022-08-10 16:11:12.046  INFO 32912 --- [main] .s.d.r.c.RepositoryConfigurationDelegate : Bootstrapping Spring Data JPA repositories in DEFAULT mode.
2022-08-10 16:11:12.178  INFO 32912 --- [main] .s.d.r.c.RepositoryConfigurationDelegate : Finished Spring Data repository scanning in 116 ms. Found 6 JPA repository interfaces.
2022-08-10 16:11:13.247  INFO 32912 --- [main] o.s.b.w.embedded.tomcat.TomcatWebServer  : Tomcat initialized with port(s): 8097 (http)
2022-08-10 16:11:13.314  INFO 32912 --- [main] o.apache.catalina.core.StandardService   : Starting service [Tomcat]
2022-08-10 16:11:13.316  INFO 32912 --- [main] org.apache.catalina.core.StandardEngine  : Starting Servlet engine: [Apache Tomcat/9.0.65]
2022-08-10 16:11:13.630  INFO 32912 --- [main] o.a.c.c.C.[Tomcat].[localhost].[/]       : Initializing Spring embedded WebApplicationContext
2022-08-10 16:11:13.636  INFO 32912 --- [main] w.s.c.ServletWebServerApplicationContext : Root WebApplicationContext: initialization completed in 2756 ms
2022-08-10 16:11:14.129  INFO 32912 --- [main] o.hibernate.jpa.internal.util.LogHelper  : HHH000204: Processing PersistenceUnitInfo [name: default]
2022-08-10 16:11:14.281  INFO 32912 --- [main] org.hibernate.Version                    : HHH000412: Hibernate ORM core version 5.6.10.Final
2022-08-10 16:11:14.519  INFO 32912 --- [main] o.hibernate.annotations.common.Version   : HCANN000001: Hibernate Commons Annotations {5.1.2.Final}
2022-08-10 16:11:14.681  INFO 32912 --- [main] com.zaxxer.hikari.HikariDataSource       : HikariPool-1 - Starting...
2022-08-10 16:11:15.114  INFO 32912 --- [main] com.zaxxer.hikari.HikariDataSource       : HikariPool-1 - Start completed.
2022-08-10 16:11:15.172  INFO 32912 --- [main] org.hibernate.dialect.Dialect            : HHH000400: Using dialect: org.hibernate.dialect.SQLServer2008Dialect
2022-08-10 16:11:16.522  INFO 32912 --- [main] o.h.e.t.j.p.i.JtaPlatformInitiator       : HHH000490: Using JtaPlatform implementation: [org.hibernate.engine.transaction.jta.platform.internal.NoJtaPlatform]
2022-08-10 16:11:16.536  INFO 32912 --- [main] j.LocalContainerEntityManagerFactoryBean : Initialized JPA EntityManagerFactory for persistence unit 'default'
2022-08-10 16:11:17.590  WARN 32912 --- [main] JpaBaseConfiguration$JpaWebConfiguration : spring.jpa.open-in-view is enabled by default. Therefore, database queries may be performed during view rendering. Explicitly configure spring.jpa.open-in-view to disable this warning
2022-08-10 16:11:18.137  INFO 32912 --- [main] o.s.b.w.embedded.tomcat.TomcatWebServer  : Tomcat started on port(s): 8097 (http) with context path ''
2022-08-10 16:11:18.156  INFO 32912 --- [main] c.e.f.FinalWpfTransferApplication        : Started FinalWpfTransferApplication in 8.154 seconds (JVM running for 9.344)
2022-08-10 16:11:34.226  INFO 32912 --- [http-nio-8097-exec-1] o.a.c.c.C.[Tomcat].[localhost].[/]       : Initializing Spring DispatcherServlet 'dispatcherServlet'
2022-08-10 16:11:34.227  INFO 32912 --- [http-nio-8097-exec-1] o.s.web.servlet.DispatcherServlet        : Initializing Servlet 'dispatcherServlet'
2022-08-10 16:11:34.230  INFO 32912 --- [http-nio-8097-exec-1] o.s.web.servlet.DispatcherServlet        : Completed initialization in 2 ms
2022-08-10 16:11:59.327  INFO 11176 --- [main] c.e.f.FinalWpfTransferApplication        : Starting FinalWpfTransferApplication using Java 17.0.3 on Siritaporn_ma with PID 11176 (D:\Project Java\final_wpf_transfer\bin\main started by Dell in D:\Project Java\final_wpf_transfer)
2022-08-10 16:11:59.333  INFO 11176 --- [main] c.e.f.FinalWpfTransferApplication        : No active profile set, falling back to 1 default profile: "default"
2022-08-10 16:12:00.476  INFO 11176 --- [main] .s.d.r.c.RepositoryConfigurationDelegate : Bootstrapping Spring Data JPA repositories in DEFAULT mode.
2022-08-10 16:12:00.714  INFO 11176 --- [main] .s.d.r.c.RepositoryConfigurationDelegate : Finished Spring Data repository scanning in 223 ms. Found 6 JPA repository interfaces.
2022-08-10 16:12:02.059  INFO 11176 --- [main] o.s.b.w.embedded.tomcat.TomcatWebServer  : Tomcat initialized with port(s): 8097 (http)
2022-08-10 16:12:02.096  INFO 11176 --- [main] o.apache.catalina.core.StandardService   : Starting service [Tomcat]
2022-08-10 16:12:02.098  INFO 11176 --- [main] org.apache.catalina.core.StandardEngine  : Starting Servlet engine: [Apache Tomcat/9.0.65]
2022-08-10 16:12:02.340  INFO 11176 --- [main] o.a.c.c.C.[Tomcat].[localhost].[/]       : Initializing Spring embedded WebApplicationContext
2022-08-10 16:12:02.341  INFO 11176 --- [main] w.s.c.ServletWebServerApplicationContext : Root WebApplicationContext: initialization completed in 2926 ms
2022-08-10 16:12:02.868  INFO 11176 --- [main] o.hibernate.jpa.internal.util.LogHelper  : HHH000204: Processing PersistenceUnitInfo [name: default]
2022-08-10 16:12:02.970  INFO 11176 --- [main] org.hibernate.Version                    : HHH000412: Hibernate ORM core version 5.6.10.Final
2022-08-10 16:12:03.367  INFO 11176 --- [main] o.hibernate.annotations.common.Version   : HCANN000001: Hibernate Commons Annotations {5.1.2.Final}
2022-08-10 16:12:03.600  INFO 11176 --- [main] com.zaxxer.hikari.HikariDataSource       : HikariPool-1 - Starting...
2022-08-10 16:12:04.103  INFO 11176 --- [main] com.zaxxer.hikari.HikariDataSource       : HikariPool-1 - Start completed.
2022-08-10 16:12:04.138  INFO 11176 --- [main] org.hibernate.dialect.Dialect            : HHH000400: Using dialect: org.hibernate.dialect.SQLServer2008Dialect
2022-08-10 16:12:05.371  INFO 11176 --- [main] o.h.e.t.j.p.i.JtaPlatformInitiator       : HHH000490: Using JtaPlatform implementation: [org.hibernate.engine.transaction.jta.platform.internal.NoJtaPlatform]
2022-08-10 16:12:05.388  INFO 11176 --- [main] j.LocalContainerEntityManagerFactoryBean : Initialized JPA EntityManagerFactory for persistence unit 'default'
2022-08-10 16:12:06.551  WARN 11176 --- [main] JpaBaseConfiguration$JpaWebConfiguration : spring.jpa.open-in-view is enabled by default. Therefore, database queries may be performed during view rendering. Explicitly configure spring.jpa.open-in-view to disable this warning
2022-08-10 16:12:07.061  INFO 11176 --- [main] o.s.b.w.embedded.tomcat.TomcatWebServer  : Tomcat started on port(s): 8097 (http) with context path ''
2022-08-10 16:12:07.079  INFO 11176 --- [main] c.e.f.FinalWpfTransferApplication        : Started FinalWpfTransferApplication in 8.435 seconds (JVM running for 9.278)
2022-08-10 16:12:08.946  INFO 11176 --- [http-nio-8097-exec-1] o.a.c.c.C.[Tomcat].[localhost].[/]       : Initializing Spring DispatcherServlet 'dispatcherServlet'
2022-08-10 16:12:08.947  INFO 11176 --- [http-nio-8097-exec-1] o.s.web.servlet.DispatcherServlet        : Initializing Servlet 'dispatcherServlet'
2022-08-10 16:12:08.949  INFO 11176 --- [http-nio-8097-exec-1] o.s.web.servlet.DispatcherServlet        : Completed initialization in 1 ms
2022-08-10 16:12:52.769  INFO 35248 --- [main] c.e.f.FinalWpfTransferApplication        : Starting FinalWpfTransferApplication using Java 17.0.3 on Siritaporn_ma with PID 35248 (D:\Project Java\final_wpf_transfer\bin\main started by Dell in D:\Project Java\final_wpf_transfer)
2022-08-10 16:12:52.773  INFO 35248 --- [main] c.e.f.FinalWpfTransferApplication        : No active profile set, falling back to 1 default profile: "default"
2022-08-10 16:12:54.030  INFO 35248 --- [main] .s.d.r.c.RepositoryConfigurationDelegate : Bootstrapping Spring Data JPA repositories in DEFAULT mode.
2022-08-10 16:12:54.191  INFO 35248 --- [main] .s.d.r.c.RepositoryConfigurationDelegate : Finished Spring Data repository scanning in 149 ms. Found 6 JPA repository interfaces.
2022-08-10 16:12:55.499  INFO 35248 --- [main] o.s.b.w.embedded.tomcat.TomcatWebServer  : Tomcat initialized with port(s): 8097 (http)
2022-08-10 16:12:55.552  INFO 35248 --- [main] o.apache.catalina.core.StandardService   : Starting service [Tomcat]
2022-08-10 16:12:55.554  INFO 35248 --- [main] org.apache.catalina.core.StandardEngine  : Starting Servlet engine: [Apache Tomcat/9.0.65]
2022-08-10 16:12:55.930  INFO 35248 --- [main] o.a.c.c.C.[Tomcat].[localhost].[/]       : Initializing Spring embedded WebApplicationContext
2022-08-10 16:12:55.931  INFO 35248 --- [main] w.s.c.ServletWebServerApplicationContext : Root WebApplicationContext: initialization completed in 3076 ms
2022-08-10 16:12:56.477  INFO 35248 --- [main] o.hibernate.jpa.internal.util.LogHelper  : HHH000204: Processing PersistenceUnitInfo [name: default]
2022-08-10 16:12:56.643  INFO 35248 --- [main] org.hibernate.Version                    : HHH000412: Hibernate ORM core version 5.6.10.Final
2022-08-10 16:12:56.960  INFO 35248 --- [main] o.hibernate.annotations.common.Version   : HCANN000001: Hibernate Commons Annotations {5.1.2.Final}
2022-08-10 16:12:57.219  INFO 35248 --- [main] com.zaxxer.hikari.HikariDataSource       : HikariPool-1 - Starting...
2022-08-10 16:12:57.706  INFO 35248 --- [main] com.zaxxer.hikari.HikariDataSource       : HikariPool-1 - Start completed.
2022-08-10 16:12:57.745  INFO 35248 --- [main] org.hibernate.dialect.Dialect            : HHH000400: Using dialect: org.hibernate.dialect.SQLServer2008Dialect
2022-08-10 16:12:59.071  INFO 35248 --- [main] o.h.e.t.j.p.i.JtaPlatformInitiator       : HHH000490: Using JtaPlatform implementation: [org.hibernate.engine.transaction.jta.platform.internal.NoJtaPlatform]
2022-08-10 16:12:59.087  INFO 35248 --- [main] j.LocalContainerEntityManagerFactoryBean : Initialized JPA EntityManagerFactory for persistence unit 'default'
2022-08-10 16:13:00.409  WARN 35248 --- [main] JpaBaseConfiguration$JpaWebConfiguration : spring.jpa.open-in-view is enabled by default. Therefore, database queries may be performed during view rendering. Explicitly configure spring.jpa.open-in-view to disable this warning
2022-08-10 16:13:01.243  INFO 35248 --- [main] o.s.b.w.embedded.tomcat.TomcatWebServer  : Tomcat started on port(s): 8097 (http) with context path ''
2022-08-10 16:13:01.271  INFO 35248 --- [main] c.e.f.FinalWpfTransferApplication        : Started FinalWpfTransferApplication in 9.174 seconds (JVM running for 10.288)
2022-08-10 16:13:02.072  INFO 35248 --- [http-nio-8097-exec-4] o.a.c.c.C.[Tomcat].[localhost].[/]       : Initializing Spring DispatcherServlet 'dispatcherServlet'
2022-08-10 16:13:02.072  INFO 35248 --- [http-nio-8097-exec-4] o.s.web.servlet.DispatcherServlet        : Initializing Servlet 'dispatcherServlet'
2022-08-10 16:13:02.075  INFO 35248 --- [http-nio-8097-exec-4] o.s.web.servlet.DispatcherServlet        : Completed initialization in 2 ms
2022-08-10 16:14:42.999  INFO 39080 --- [main] c.e.f.FinalWpfTransferApplication        : Starting FinalWpfTransferApplication using Java 17.0.3 on Siritaporn_ma with PID 39080 (D:\Project Java\final_wpf_transfer\bin\main started by Dell in D:\Project Java\final_wpf_transfer)
2022-08-10 16:14:43.004  INFO 39080 --- [main] c.e.f.FinalWpfTransferApplication        : No active profile set, falling back to 1 default profile: "default"
2022-08-10 16:14:44.290  INFO 39080 --- [main] .s.d.r.c.RepositoryConfigurationDelegate : Bootstrapping Spring Data JPA repositories in DEFAULT mode.
2022-08-10 16:14:44.408  INFO 39080 --- [main] .s.d.r.c.RepositoryConfigurationDelegate : Finished Spring Data repository scanning in 103 ms. Found 6 JPA repository interfaces.
2022-08-10 16:14:45.406  INFO 39080 --- [main] o.s.b.w.embedded.tomcat.TomcatWebServer  : Tomcat initialized with port(s): 8097 (http)
2022-08-10 16:14:45.423  INFO 39080 --- [main] o.apache.catalina.core.StandardService   : Starting service [Tomcat]
2022-08-10 16:14:45.424  INFO 39080 --- [main] org.apache.catalina.core.StandardEngine  : Starting Servlet engine: [Apache Tomcat/9.0.65]
2022-08-10 16:14:45.680  INFO 39080 --- [main] o.a.c.c.C.[Tomcat].[localhost].[/]       : Initializing Spring embedded WebApplicationContext
2022-08-10 16:14:45.682  INFO 39080 --- [main] w.s.c.ServletWebServerApplicationContext : Root WebApplicationContext: initialization completed in 2557 ms
2022-08-10 16:14:46.224  INFO 39080 --- [main] o.hibernate.jpa.internal.util.LogHelper  : HHH000204: Processing PersistenceUnitInfo [name: default]
2022-08-10 16:14:46.327  INFO 39080 --- [main] org.hibernate.Version                    : HHH000412: Hibernate ORM core version 5.6.10.Final
2022-08-10 16:14:46.576  INFO 39080 --- [main] o.hibernate.annotations.common.Version   : HCANN000001: Hibernate Commons Annotations {5.1.2.Final}
2022-08-10 16:14:46.734  INFO 39080 --- [main] com.zaxxer.hikari.HikariDataSource       : HikariPool-1 - Starting...
2022-08-10 16:14:47.179  INFO 39080 --- [main] com.zaxxer.hikari.HikariDataSource       : HikariPool-1 - Start completed.
2022-08-10 16:14:47.211  INFO 39080 --- [main] org.hibernate.dialect.Dialect            : HHH000400: Using dialect: org.hibernate.dialect.SQLServer2008Dialect
2022-08-10 16:14:48.352  INFO 39080 --- [main] o.h.e.t.j.p.i.JtaPlatformInitiator       : HHH000490: Using JtaPlatform implementation: [org.hibernate.engine.transaction.jta.platform.internal.NoJtaPlatform]
2022-08-10 16:14:48.369  INFO 39080 --- [main] j.LocalContainerEntityManagerFactoryBean : Initialized JPA EntityManagerFactory for persistence unit 'default'
2022-08-10 16:14:49.331  WARN 39080 --- [main] JpaBaseConfiguration$JpaWebConfiguration : spring.jpa.open-in-view is enabled by default. Therefore, database queries may be performed during view rendering. Explicitly configure spring.jpa.open-in-view to disable this warning
2022-08-10 16:14:49.793  INFO 39080 --- [main] o.s.b.w.embedded.tomcat.TomcatWebServer  : Tomcat started on port(s): 8097 (http) with context path ''
2022-08-10 16:14:49.808  INFO 39080 --- [main] c.e.f.FinalWpfTransferApplication        : Started FinalWpfTransferApplication in 7.451 seconds (JVM running for 8.232)
2022-08-10 16:14:55.936  INFO 39080 --- [http-nio-8097-exec-1] o.a.c.c.C.[Tomcat].[localhost].[/]       : Initializing Spring DispatcherServlet 'dispatcherServlet'
2022-08-10 16:14:55.937  INFO 39080 --- [http-nio-8097-exec-1] o.s.web.servlet.DispatcherServlet        : Initializing Servlet 'dispatcherServlet'
2022-08-10 16:14:55.938  INFO 39080 --- [http-nio-8097-exec-1] o.s.web.servlet.DispatcherServlet        : Completed initialization in 1 ms
2022-08-10 16:16:50.619  INFO 35880 --- [main] c.e.f.FinalWpfTransferApplication        : Starting FinalWpfTransferApplication using Java 17.0.3 on Siritaporn_ma with PID 35880 (D:\Project Java\final_wpf_transfer\bin\main started by Dell in D:\Project Java\final_wpf_transfer)
2022-08-10 16:16:50.631  INFO 35880 --- [main] c.e.f.FinalWpfTransferApplication        : No active profile set, falling back to 1 default profile: "default"
2022-08-10 16:16:51.990  INFO 35880 --- [main] .s.d.r.c.RepositoryConfigurationDelegate : Bootstrapping Spring Data JPA repositories in DEFAULT mode.
2022-08-10 16:16:52.117  INFO 35880 --- [main] .s.d.r.c.RepositoryConfigurationDelegate : Finished Spring Data repository scanning in 110 ms. Found 6 JPA repository interfaces.
2022-08-10 16:16:53.165  INFO 35880 --- [main] o.s.b.w.embedded.tomcat.TomcatWebServer  : Tomcat initialized with port(s): 8097 (http)
2022-08-10 16:16:53.196  INFO 35880 --- [main] o.apache.catalina.core.StandardService   : Starting service [Tomcat]
2022-08-10 16:16:53.197  INFO 35880 --- [main] org.apache.catalina.core.StandardEngine  : Starting Servlet engine: [Apache Tomcat/9.0.65]
2022-08-10 16:16:53.614  INFO 35880 --- [main] o.a.c.c.C.[Tomcat].[localhost].[/]       : Initializing Spring embedded WebApplicationContext
2022-08-10 16:16:53.617  INFO 35880 --- [main] w.s.c.ServletWebServerApplicationContext : Root WebApplicationContext: initialization completed in 2901 ms
2022-08-10 16:16:54.249  INFO 35880 --- [main] o.hibernate.jpa.internal.util.LogHelper  : HHH000204: Processing PersistenceUnitInfo [name: default]
2022-08-10 16:16:54.358  INFO 35880 --- [main] org.hibernate.Version                    : HHH000412: Hibernate ORM core version 5.6.10.Final
2022-08-10 16:16:54.624  INFO 35880 --- [main] o.hibernate.annotations.common.Version   : HCANN000001: Hibernate Commons Annotations {5.1.2.Final}
2022-08-10 16:16:54.789  INFO 35880 --- [main] com.zaxxer.hikari.HikariDataSource       : HikariPool-1 - Starting...
2022-08-10 16:16:55.273  INFO 35880 --- [main] com.zaxxer.hikari.HikariDataSource       : HikariPool-1 - Start completed.
2022-08-10 16:16:55.300  INFO 35880 --- [main] org.hibernate.dialect.Dialect            : HHH000400: Using dialect: org.hibernate.dialect.SQLServer2008Dialect
2022-08-10 16:16:56.550  INFO 35880 --- [main] o.h.e.t.j.p.i.JtaPlatformInitiator       : HHH000490: Using JtaPlatform implementation: [org.hibernate.engine.transaction.jta.platform.internal.NoJtaPlatform]
2022-08-10 16:16:56.566  INFO 35880 --- [main] j.LocalContainerEntityManagerFactoryBean : Initialized JPA EntityManagerFactory for persistence unit 'default'
2022-08-10 16:16:58.354  WARN 35880 --- [main] JpaBaseConfiguration$JpaWebConfiguration : spring.jpa.open-in-view is enabled by default. Therefore, database queries may be performed during view rendering. Explicitly configure spring.jpa.open-in-view to disable this warning
2022-08-10 16:16:59.012  INFO 35880 --- [main] o.s.b.w.embedded.tomcat.TomcatWebServer  : Tomcat started on port(s): 8097 (http) with context path ''
2022-08-10 16:16:59.046  INFO 35880 --- [main] c.e.f.FinalWpfTransferApplication        : Started FinalWpfTransferApplication in 9.173 seconds (JVM running for 9.732)
2022-08-10 16:17:00.525  INFO 35880 --- [http-nio-8097-exec-1] o.a.c.c.C.[Tomcat].[localhost].[/]       : Initializing Spring DispatcherServlet 'dispatcherServlet'
2022-08-10 16:17:00.525  INFO 35880 --- [http-nio-8097-exec-1] o.s.web.servlet.DispatcherServlet        : Initializing Servlet 'dispatcherServlet'
2022-08-10 16:17:00.527  INFO 35880 --- [http-nio-8097-exec-1] o.s.web.servlet.DispatcherServlet        : Completed initialization in 1 ms
2022-08-10 16:18:41.849  INFO 38184 --- [main] c.e.f.FinalWpfTransferApplication        : Starting FinalWpfTransferApplication using Java 17.0.3 on Siritaporn_ma with PID 38184 (D:\Project Java\final_wpf_transfer\bin\main started by Dell in D:\Project Java\final_wpf_transfer)
2022-08-10 16:18:41.862  INFO 38184 --- [main] c.e.f.FinalWpfTransferApplication        : No active profile set, falling back to 1 default profile: "default"
2022-08-10 16:18:43.633  INFO 38184 --- [main] .s.d.r.c.RepositoryConfigurationDelegate : Bootstrapping Spring Data JPA repositories in DEFAULT mode.
2022-08-10 16:18:43.781  INFO 38184 --- [main] .s.d.r.c.RepositoryConfigurationDelegate : Finished Spring Data repository scanning in 129 ms. Found 6 JPA repository interfaces.
2022-08-10 16:18:45.687  INFO 38184 --- [main] o.s.b.w.embedded.tomcat.TomcatWebServer  : Tomcat initialized with port(s): 8097 (http)
2022-08-10 16:18:45.726  INFO 38184 --- [main] o.apache.catalina.core.StandardService   : Starting service [Tomcat]
2022-08-10 16:18:45.727  INFO 38184 --- [main] org.apache.catalina.core.StandardEngine  : Starting Servlet engine: [Apache Tomcat/9.0.65]
2022-08-10 16:18:46.119  INFO 38184 --- [main] o.a.c.c.C.[Tomcat].[localhost].[/]       : Initializing Spring embedded WebApplicationContext
2022-08-10 16:18:46.120  INFO 38184 --- [main] w.s.c.ServletWebServerApplicationContext : Root WebApplicationContext: initialization completed in 3984 ms
2022-08-10 16:18:46.701  INFO 38184 --- [main] o.hibernate.jpa.internal.util.LogHelper  : HHH000204: Processing PersistenceUnitInfo [name: default]
2022-08-10 16:18:46.848  INFO 38184 --- [main] org.hibernate.Version                    : HHH000412: Hibernate ORM core version 5.6.10.Final
2022-08-10 16:18:47.206  INFO 38184 --- [main] o.hibernate.annotations.common.Version   : HCANN000001: Hibernate Commons Annotations {5.1.2.Final}
2022-08-10 16:18:47.363  INFO 38184 --- [main] com.zaxxer.hikari.HikariDataSource       : HikariPool-1 - Starting...
2022-08-10 16:18:47.899  INFO 38184 --- [main] com.zaxxer.hikari.HikariDataSource       : HikariPool-1 - Start completed.
2022-08-10 16:18:47.965  INFO 38184 --- [main] org.hibernate.dialect.Dialect            : HHH000400: Using dialect: org.hibernate.dialect.SQLServer2008Dialect
2022-08-10 16:18:49.527  INFO 38184 --- [main] o.h.e.t.j.p.i.JtaPlatformInitiator       : HHH000490: Using JtaPlatform implementation: [org.hibernate.engine.transaction.jta.platform.internal.NoJtaPlatform]
2022-08-10 16:18:49.543  INFO 38184 --- [main] j.LocalContainerEntityManagerFactoryBean : Initialized JPA EntityManagerFactory for persistence unit 'default'
2022-08-10 16:18:50.761  WARN 38184 --- [main] JpaBaseConfiguration$JpaWebConfiguration : spring.jpa.open-in-view is enabled by default. Therefore, database queries may be performed during view rendering. Explicitly configure spring.jpa.open-in-view to disable this warning
2022-08-10 16:18:51.448  INFO 38184 --- [main] o.s.b.w.embedded.tomcat.TomcatWebServer  : Tomcat started on port(s): 8097 (http) with context path ''
2022-08-10 16:18:51.476  INFO 38184 --- [main] c.e.f.FinalWpfTransferApplication        : Started FinalWpfTransferApplication in 10.509 seconds (JVM running for 11.501)
2022-08-10 16:19:01.342  INFO 38184 --- [http-nio-8097-exec-2] o.a.c.c.C.[Tomcat].[localhost].[/]       : Initializing Spring DispatcherServlet 'dispatcherServlet'
2022-08-10 16:19:01.342  INFO 38184 --- [http-nio-8097-exec-2] o.s.web.servlet.DispatcherServlet        : Initializing Servlet 'dispatcherServlet'
2022-08-10 16:19:01.344  INFO 38184 --- [http-nio-8097-exec-2] o.s.web.servlet.DispatcherServlet        : Completed initialization in 1 ms
2022-08-10 16:20:35.154  INFO 24688 --- [main] c.e.f.FinalWpfTransferApplication        : Starting FinalWpfTransferApplication using Java 17.0.3 on Siritaporn_ma with PID 24688 (D:\Project Java\final_wpf_transfer\bin\main started by Dell in D:\Project Java\final_wpf_transfer)
2022-08-10 16:20:35.158  INFO 24688 --- [main] c.e.f.FinalWpfTransferApplication        : No active profile set, falling back to 1 default profile: "default"
2022-08-10 16:20:36.505  INFO 24688 --- [main] .s.d.r.c.RepositoryConfigurationDelegate : Bootstrapping Spring Data JPA repositories in DEFAULT mode.
2022-08-10 16:20:36.690  INFO 24688 --- [main] .s.d.r.c.RepositoryConfigurationDelegate : Finished Spring Data repository scanning in 156 ms. Found 6 JPA repository interfaces.
2022-08-10 16:20:37.870  INFO 24688 --- [main] o.s.b.w.embedded.tomcat.TomcatWebServer  : Tomcat initialized with port(s): 8097 (http)
2022-08-10 16:20:37.893  INFO 24688 --- [main] o.apache.catalina.core.StandardService   : Starting service [Tomcat]
2022-08-10 16:20:37.894  INFO 24688 --- [main] org.apache.catalina.core.StandardEngine  : Starting Servlet engine: [Apache Tomcat/9.0.65]
2022-08-10 16:20:38.150  INFO 24688 --- [main] o.a.c.c.C.[Tomcat].[localhost].[/]       : Initializing Spring embedded WebApplicationContext
2022-08-10 16:20:38.152  INFO 24688 --- [main] w.s.c.ServletWebServerApplicationContext : Root WebApplicationContext: initialization completed in 2905 ms
2022-08-10 16:20:38.556  INFO 24688 --- [main] o.hibernate.jpa.internal.util.LogHelper  : HHH000204: Processing PersistenceUnitInfo [name: default]
2022-08-10 16:20:38.647  INFO 24688 --- [main] org.hibernate.Version                    : HHH000412: Hibernate ORM core version 5.6.10.Final
2022-08-10 16:20:38.908  INFO 24688 --- [main] o.hibernate.annotations.common.Version   : HCANN000001: Hibernate Commons Annotations {5.1.2.Final}
2022-08-10 16:20:39.153  INFO 24688 --- [main] com.zaxxer.hikari.HikariDataSource       : HikariPool-1 - Starting...
2022-08-10 16:20:39.665  INFO 24688 --- [main] com.zaxxer.hikari.HikariDataSource       : HikariPool-1 - Start completed.
2022-08-10 16:20:39.700  INFO 24688 --- [main] org.hibernate.dialect.Dialect            : HHH000400: Using dialect: org.hibernate.dialect.SQLServer2008Dialect
2022-08-10 16:20:41.064  INFO 24688 --- [main] o.h.e.t.j.p.i.JtaPlatformInitiator       : HHH000490: Using JtaPlatform implementation: [org.hibernate.engine.transaction.jta.platform.internal.NoJtaPlatform]
2022-08-10 16:20:41.076  INFO 24688 --- [main] j.LocalContainerEntityManagerFactoryBean : Initialized JPA EntityManagerFactory for persistence unit 'default'
2022-08-10 16:20:42.279  WARN 24688 --- [main] JpaBaseConfiguration$JpaWebConfiguration : spring.jpa.open-in-view is enabled by default. Therefore, database queries may be performed during view rendering. Explicitly configure spring.jpa.open-in-view to disable this warning
2022-08-10 16:20:42.808  INFO 24688 --- [main] o.s.b.w.embedded.tomcat.TomcatWebServer  : Tomcat started on port(s): 8097 (http) with context path ''
2022-08-10 16:20:42.823  INFO 24688 --- [main] c.e.f.FinalWpfTransferApplication        : Started FinalWpfTransferApplication in 8.22 seconds (JVM running for 8.879)
2022-08-10 16:20:44.198  INFO 24688 --- [http-nio-8097-exec-1] o.a.c.c.C.[Tomcat].[localhost].[/]       : Initializing Spring DispatcherServlet 'dispatcherServlet'
2022-08-10 16:20:44.199  INFO 24688 --- [http-nio-8097-exec-1] o.s.web.servlet.DispatcherServlet        : Initializing Servlet 'dispatcherServlet'
2022-08-10 16:20:44.201  INFO 24688 --- [http-nio-8097-exec-1] o.s.web.servlet.DispatcherServlet        : Completed initialization in 2 ms
2022-08-10 16:33:51.460  INFO 38376 --- [main] c.e.f.FinalWpfTransferApplication        : Starting FinalWpfTransferApplication using Java 17.0.3 on Siritaporn_ma with PID 38376 (D:\Project Java\final_wpf_transfer\bin\main started by Dell in D:\Project Java\final_wpf_transfer)
2022-08-10 16:33:51.464  INFO 38376 --- [main] c.e.f.FinalWpfTransferApplication        : No active profile set, falling back to 1 default profile: "default"
2022-08-10 16:33:52.438  INFO 38376 --- [main] .s.d.r.c.RepositoryConfigurationDelegate : Bootstrapping Spring Data JPA repositories in DEFAULT mode.
2022-08-10 16:33:52.540  INFO 38376 --- [main] .s.d.r.c.RepositoryConfigurationDelegate : Finished Spring Data repository scanning in 88 ms. Found 6 JPA repository interfaces.
2022-08-10 16:33:53.493  INFO 38376 --- [main] o.s.b.w.embedded.tomcat.TomcatWebServer  : Tomcat initialized with port(s): 8097 (http)
2022-08-10 16:33:53.508  INFO 38376 --- [main] o.apache.catalina.core.StandardService   : Starting service [Tomcat]
2022-08-10 16:33:53.509  INFO 38376 --- [main] org.apache.catalina.core.StandardEngine  : Starting Servlet engine: [Apache Tomcat/9.0.65]
2022-08-10 16:33:53.726  INFO 38376 --- [main] o.a.c.c.C.[Tomcat].[localhost].[/]       : Initializing Spring embedded WebApplicationContext
2022-08-10 16:33:53.727  INFO 38376 --- [main] w.s.c.ServletWebServerApplicationContext : Root WebApplicationContext: initialization completed in 2209 ms
2022-08-10 16:33:54.047  INFO 38376 --- [main] o.hibernate.jpa.internal.util.LogHelper  : HHH000204: Processing PersistenceUnitInfo [name: default]
2022-08-10 16:33:54.119  INFO 38376 --- [main] org.hibernate.Version                    : HHH000412: Hibernate ORM core version 5.6.10.Final
2022-08-10 16:33:54.335  INFO 38376 --- [main] o.hibernate.annotations.common.Version   : HCANN000001: Hibernate Commons Annotations {5.1.2.Final}
2022-08-10 16:33:54.477  INFO 38376 --- [main] com.zaxxer.hikari.HikariDataSource       : HikariPool-1 - Starting...
2022-08-10 16:33:54.842  INFO 38376 --- [main] com.zaxxer.hikari.HikariDataSource       : HikariPool-1 - Start completed.
2022-08-10 16:33:54.866  INFO 38376 --- [main] org.hibernate.dialect.Dialect            : HHH000400: Using dialect: org.hibernate.dialect.SQLServer2008Dialect
2022-08-10 16:33:55.942  INFO 38376 --- [main] o.h.e.t.j.p.i.JtaPlatformInitiator       : HHH000490: Using JtaPlatform implementation: [org.hibernate.engine.transaction.jta.platform.internal.NoJtaPlatform]
2022-08-10 16:33:55.955  INFO 38376 --- [main] j.LocalContainerEntityManagerFactoryBean : Initialized JPA EntityManagerFactory for persistence unit 'default'
2022-08-10 16:33:56.820  WARN 38376 --- [main] JpaBaseConfiguration$JpaWebConfiguration : spring.jpa.open-in-view is enabled by default. Therefore, database queries may be performed during view rendering. Explicitly configure spring.jpa.open-in-view to disable this warning
2022-08-10 16:33:57.281  INFO 38376 --- [main] o.s.b.w.embedded.tomcat.TomcatWebServer  : Tomcat started on port(s): 8097 (http) with context path ''
2022-08-10 16:33:57.300  INFO 38376 --- [main] c.e.f.FinalWpfTransferApplication        : Started FinalWpfTransferApplication in 6.422 seconds (JVM running for 6.938)
2022-08-10 16:34:24.149  INFO 38376 --- [http-nio-8097-exec-1] o.a.c.c.C.[Tomcat].[localhost].[/]       : Initializing Spring DispatcherServlet 'dispatcherServlet'
2022-08-10 16:34:24.150  INFO 38376 --- [http-nio-8097-exec-1] o.s.web.servlet.DispatcherServlet        : Initializing Servlet 'dispatcherServlet'
2022-08-10 16:34:24.152  INFO 38376 --- [http-nio-8097-exec-1] o.s.web.servlet.DispatcherServlet        : Completed initialization in 2 ms
2022-08-10 16:34:24.241  INFO 38376 --- [http-nio-8097-exec-1] c.e.f.controller.CustomerController      : customer Request : CustomerRequestDto(searchType=citizen, searchValue=1100800745551)
2022-08-10 16:34:24.632  INFO 38376 --- [http-nio-8097-exec-2] c.e.f.controller.LogController           : requestBody : LogActivityRequestDto(actId=null, actType=1, actDate=Wed Aug 10 16:34:24 ICT 2022, actDetail=SearchCustomer, actFullDetail={ searchType = citizen, searchValue = 1100800745551 }, userId=11358, comName=somjaiPC, tranId=0, tranType=0, tranCode=null, tranBankFrom=null, tranBankTo=null, memo=null, errCode=0000, errDesc=success, actStatus=1, pageCode=PAGE001, pageName=Transfer_Page)
2022-08-10 16:34:26.054  INFO 38376 --- [http-nio-8097-exec-5] c.e.f.controller.LogController           : requestBody : LogActivityRequestDto(actId=null, actType=2, actDate=Wed Aug 10 16:34:26 ICT 2022, actDetail=SelectCustomer, actFullDetail=null, userId=11358, comName=somjaiPC, tranId=0, tranType=0, tranCode=null, tranBankFrom=null, tranBankTo=null, memo=null, errCode=0000, errDesc=Success, actStatus=1, pageCode=PAGE001, pageName=Transfer_Page)
2022-08-10 16:34:43.165  INFO 38376 --- [http-nio-8097-exec-10] c.e.f.controller.LogController           : requestBody : LogActivityRequestDto(actId=null, actType=4, actDate=Wed Aug 10 16:34:43 ICT 2022, actDetail=PreTransfer, actFullDetail=MainModule.Models.Transfer.CoreBank.ConfirmInfoRequest, userId=11358, comName=somjaiPC, tranId=0, tranType=0, tranCode=SMTR0038, tranBankFrom=SMTR, tranBankTo=null, memo=null, errCode=success, errDesc=success, actStatus=1, pageCode=PAGE002, pageName=PreTransfer_Page)
2022-08-10 16:34:45.222  INFO 38376 --- [http-nio-8097-exec-1] c.e.f.controller.LogController           : request logTransaction : LogTransactionRequestDto(tranId=null, tranDate=Wed Aug 10 16:34:45 ICT 2022, tranCode=SMTR0038, tranType=95, custId=52adb621-1c5c-4f69-b4eb-4cd103f8f92b              , cifId=1100800745551                       , mobileNo=0818116782, fromBankCode=950, fromAccType=11, fromAccNo=950102002557005, fromAccNickName=???????? ??? B (?????02), fromAccName=???????? ??? B (?????02), toBankCode=950, toAccType=11, toAccNo=950101000010911, toAccNickName=???????????? ??????, toAccName=???????????? ??????, fee1=0.0, amount=1.0, currencyCode=null, tranStatus=1, memo=null, errCode=200, errDesc=success)
2022-08-10 16:34:45.284  INFO 38376 --- [http-nio-8097-exec-2] c.e.f.controller.LogController           : requestBody : LogActivityRequestDto(actId=null, actType=5, actDate=Wed Aug 10 16:34:45 ICT 2022, actDetail=CompleteTransfer, actFullDetail=MainModule.Models.Transfer.CoreBank.ConfirmInfoRequest, userId=11358, comName=somjaiPC, tranId=25, tranType=95, tranCode=SMTR0038, tranBankFrom=SMTR, tranBankTo=null, memo=null, errCode=success, errDesc=success, actStatus=1, pageCode=PAGE003, pageName=CompleteTransfer_Page)
2022-08-10 16:59:08.008  INFO 38376 --- [http-nio-8097-exec-7] c.e.f.controller.CustomerController      : customer Request : CustomerRequestDto(searchType=citizen, searchValue=1100800745551)
2022-08-10 16:59:08.091  INFO 38376 --- [http-nio-8097-exec-8] c.e.f.controller.LogController           : requestBody : LogActivityRequestDto(actId=null, actType=1, actDate=Wed Aug 10 16:59:08 ICT 2022, actDetail=SearchCustomer, actFullDetail={ searchType = citizen, searchValue = 1100800745551 }, userId=11358, comName=somjaiPC, tranId=0, tranType=0, tranCode=null, tranBankFrom=null, tranBankTo=null, memo=null, errCode=0000, errDesc=success, actStatus=1, pageCode=PAGE001, pageName=Transfer_Page)
2022-08-10 16:59:10.123  INFO 38376 --- [http-nio-8097-exec-1] c.e.f.controller.LogController           : requestBody : LogActivityRequestDto(actId=null, actType=2, actDate=Wed Aug 10 16:59:10 ICT 2022, actDetail=SelectCustomer, actFullDetail=null, userId=11358, comName=somjaiPC, tranId=0, tranType=0, tranCode=null, tranBankFrom=null, tranBankTo=null, memo=null, errCode=0000, errDesc=Success, actStatus=1, pageCode=PAGE001, pageName=Transfer_Page)
2022-08-10 16:59:45.913  INFO 38376 --- [http-nio-8097-exec-7] c.e.f.controller.LogController           : requestBody : LogActivityRequestDto(actId=null, actType=4, actDate=Wed Aug 10 16:59:45 ICT 2022, actDetail=PreTransfer, actFullDetail=MainModule.Models.Transfer.CoreBank.ConfirmInfoRequest, userId=11358, comName=somjaiPC, tranId=0, tranType=0, tranCode=SMTR0039, tranBankFrom=SMTR, tranBankTo=null, memo=null, errCode=success, errDesc=success, actStatus=1, pageCode=PAGE002, pageName=PreTransfer_Page)
2022-08-10 16:59:48.049  INFO 38376 --- [http-nio-8097-exec-8] c.e.f.controller.LogController           : request logTransaction : LogTransactionRequestDto(tranId=null, tranDate=Wed Aug 10 16:59:48 ICT 2022, tranCode=SMTR0039, tranType=95, custId=52adb621-1c5c-4f69-b4eb-4cd103f8f92b              , cifId=1100800745551                       , mobileNo=0818116782, fromBankCode=950, fromAccType=11, fromAccNo=950102002557005, fromAccNickName=???????? ??? B (?????02), fromAccName=???????? ??? B (?????02), toBankCode=950, toAccType=11, toAccNo=950101000010911, toAccNickName=???????????? ??????, toAccName=???????????? ??????, fee1=0.0, amount=1.0, currencyCode=null, tranStatus=1, memo=null, errCode=200, errDesc=success)
2022-08-10 16:59:48.078  INFO 38376 --- [http-nio-8097-exec-9] c.e.f.controller.LogController           : requestBody : LogActivityRequestDto(actId=null, actType=5, actDate=Wed Aug 10 16:59:48 ICT 2022, actDetail=CompleteTransfer, actFullDetail=MainModule.Models.Transfer.CoreBank.ConfirmInfoRequest, userId=11358, comName=somjaiPC, tranId=26, tranType=95, tranCode=SMTR0039, tranBankFrom=SMTR, tranBankTo=null, memo=null, errCode=success, errDesc=success, actStatus=1, pageCode=PAGE003, pageName=CompleteTransfer_Page)
2022-08-10 17:06:04.017  INFO 38376 --- [http-nio-8097-exec-2] c.e.f.controller.CustomerController      : customer Request : CustomerRequestDto(searchType=citizen, searchValue=1100800745551)
2022-08-10 17:06:04.090  INFO 38376 --- [http-nio-8097-exec-10] c.e.f.controller.LogController           : requestBody : LogActivityRequestDto(actId=null, actType=1, actDate=Wed Aug 10 17:06:04 ICT 2022, actDetail=SearchCustomer, actFullDetail={ searchType = citizen, searchValue = 1100800745551 }, userId=11358, comName=somjaiPC, tranId=0, tranType=0, tranCode=null, tranBankFrom=null, tranBankTo=null, memo=null, errCode=0000, errDesc=success, actStatus=1, pageCode=PAGE001, pageName=Transfer_Page)
2022-08-10 17:06:05.332  INFO 38376 --- [http-nio-8097-exec-1] c.e.f.controller.LogController           : requestBody : LogActivityRequestDto(actId=null, actType=2, actDate=Wed Aug 10 17:06:05 ICT 2022, actDetail=SelectCustomer, actFullDetail=null, userId=11358, comName=somjaiPC, tranId=0, tranType=0, tranCode=null, tranBankFrom=null, tranBankTo=null, memo=null, errCode=0000, errDesc=Success, actStatus=1, pageCode=PAGE001, pageName=Transfer_Page)
2022-08-10 17:06:21.369  INFO 38376 --- [http-nio-8097-exec-9] c.e.f.controller.LogController           : requestBody : LogActivityRequestDto(actId=null, actType=4, actDate=Wed Aug 10 17:06:21 ICT 2022, actDetail=PreTransfer, actFullDetail=MainModule.Models.Transfer.CoreBank.ConfirmInfoRequest, userId=11358, comName=somjaiPC, tranId=0, tranType=0, tranCode=SMTR0040, tranBankFrom=SMTR, tranBankTo=null, memo=null, errCode=success, errDesc=success, actStatus=1, pageCode=PAGE002, pageName=PreTransfer_Page)
2022-08-10 17:06:24.050  INFO 38376 --- [http-nio-8097-exec-1] c.e.f.controller.LogController           : request logTransaction : LogTransactionRequestDto(tranId=null, tranDate=Wed Aug 10 17:06:24 ICT 2022, tranCode=SMTR0040, tranType=95, custId=52adb621-1c5c-4f69-b4eb-4cd103f8f92b              , cifId=1100800745551                       , mobileNo=0818116782, fromBankCode=950, fromAccType=11, fromAccNo=950102002557005, fromAccNickName=???????? ??? B (?????02), fromAccName=???????? ??? B (?????02), toBankCode=950, toAccType=11, toAccNo=950101000010911, toAccNickName=???????????? ??????, toAccName=???????????? ??????, fee1=0.0, amount=1.0, currencyCode=null, tranStatus=1, memo=null, errCode=200, errDesc=success)
2022-08-10 17:06:24.080  INFO 38376 --- [http-nio-8097-exec-4] c.e.f.controller.LogController           : requestBody : LogActivityRequestDto(actId=null, actType=5, actDate=Wed Aug 10 17:06:24 ICT 2022, actDetail=CompleteTransfer, actFullDetail=MainModule.Models.Transfer.CoreBank.ConfirmInfoRequest, userId=11358, comName=somjaiPC, tranId=27, tranType=95, tranCode=SMTR0040, tranBankFrom=SMTR, tranBankTo=null, memo=null, errCode=success, errDesc=success, actStatus=1, pageCode=PAGE003, pageName=CompleteTransfer_Page)
2022-08-10 17:10:44.078  INFO 8 --- [main] c.e.f.FinalWpfTransferApplication        : Starting FinalWpfTransferApplication using Java 17.0.3 on Siritaporn_ma with PID 8 (D:\Project Java\final_wpf_transfer\bin\main started by Dell in D:\Project Java\final_wpf_transfer)
2022-08-10 17:10:44.083  INFO 8 --- [main] c.e.f.FinalWpfTransferApplication        : No active profile set, falling back to 1 default profile: "default"
2022-08-10 17:10:45.205  INFO 8 --- [main] .s.d.r.c.RepositoryConfigurationDelegate : Bootstrapping Spring Data JPA repositories in DEFAULT mode.
2022-08-10 17:10:45.435  INFO 8 --- [main] .s.d.r.c.RepositoryConfigurationDelegate : Finished Spring Data repository scanning in 216 ms. Found 6 JPA repository interfaces.
2022-08-10 17:10:46.679  INFO 8 --- [main] o.s.b.w.embedded.tomcat.TomcatWebServer  : Tomcat initialized with port(s): 8097 (http)
2022-08-10 17:10:46.698  INFO 8 --- [main] o.apache.catalina.core.StandardService   : Starting service [Tomcat]
2022-08-10 17:10:46.699  INFO 8 --- [main] org.apache.catalina.core.StandardEngine  : Starting Servlet engine: [Apache Tomcat/9.0.65]
2022-08-10 17:10:46.967  INFO 8 --- [main] o.a.c.c.C.[Tomcat].[localhost].[/]       : Initializing Spring embedded WebApplicationContext
2022-08-10 17:10:46.968  INFO 8 --- [main] w.s.c.ServletWebServerApplicationContext : Root WebApplicationContext: initialization completed in 2790 ms
2022-08-10 17:10:47.621  INFO 8 --- [main] o.hibernate.jpa.internal.util.LogHelper  : HHH000204: Processing PersistenceUnitInfo [name: default]
2022-08-10 17:10:47.706  INFO 8 --- [main] org.hibernate.Version                    : HHH000412: Hibernate ORM core version 5.6.10.Final
2022-08-10 17:10:48.004  INFO 8 --- [main] o.hibernate.annotations.common.Version   : HCANN000001: Hibernate Commons Annotations {5.1.2.Final}
2022-08-10 17:10:48.357  INFO 8 --- [main] com.zaxxer.hikari.HikariDataSource       : HikariPool-1 - Starting...
2022-08-10 17:10:48.844  INFO 8 --- [main] com.zaxxer.hikari.HikariDataSource       : HikariPool-1 - Start completed.
2022-08-10 17:10:48.877  INFO 8 --- [main] org.hibernate.dialect.Dialect            : HHH000400: Using dialect: org.hibernate.dialect.SQLServer2008Dialect
2022-08-10 17:10:49.921  INFO 8 --- [main] o.h.e.t.j.p.i.JtaPlatformInitiator       : HHH000490: Using JtaPlatform implementation: [org.hibernate.engine.transaction.jta.platform.internal.NoJtaPlatform]
2022-08-10 17:10:50.004  INFO 8 --- [main] j.LocalContainerEntityManagerFactoryBean : Initialized JPA EntityManagerFactory for persistence unit 'default'
2022-08-10 17:10:51.082  WARN 8 --- [main] JpaBaseConfiguration$JpaWebConfiguration : spring.jpa.open-in-view is enabled by default. Therefore, database queries may be performed during view rendering. Explicitly configure spring.jpa.open-in-view to disable this warning
2022-08-10 17:10:51.673  INFO 8 --- [main] o.s.b.w.embedded.tomcat.TomcatWebServer  : Tomcat started on port(s): 8097 (http) with context path ''
2022-08-10 17:10:51.694  INFO 8 --- [main] c.e.f.FinalWpfTransferApplication        : Started FinalWpfTransferApplication in 8.327 seconds (JVM running for 9.093)
2022-08-10 17:11:03.044  INFO 8 --- [http-nio-8097-exec-2] o.a.c.c.C.[Tomcat].[localhost].[/]       : Initializing Spring DispatcherServlet 'dispatcherServlet'
2022-08-10 17:11:03.044  INFO 8 --- [http-nio-8097-exec-2] o.s.web.servlet.DispatcherServlet        : Initializing Servlet 'dispatcherServlet'
2022-08-10 17:11:03.046  INFO 8 --- [http-nio-8097-exec-2] o.s.web.servlet.DispatcherServlet        : Completed initialization in 1 ms
2022-08-10 17:12:26.086  INFO 13024 --- [main] c.e.f.FinalWpfTransferApplication        : Starting FinalWpfTransferApplication using Java 17.0.3 on Siritaporn_ma with PID 13024 (D:\Project Java\final_wpf_transfer\bin\main started by Dell in D:\Project Java\final_wpf_transfer)
2022-08-10 17:12:26.091  INFO 13024 --- [main] c.e.f.FinalWpfTransferApplication        : No active profile set, falling back to 1 default profile: "default"
2022-08-10 17:12:27.661  INFO 13024 --- [main] .s.d.r.c.RepositoryConfigurationDelegate : Bootstrapping Spring Data JPA repositories in DEFAULT mode.
2022-08-10 17:12:27.793  INFO 13024 --- [main] .s.d.r.c.RepositoryConfigurationDelegate : Finished Spring Data repository scanning in 119 ms. Found 6 JPA repository interfaces.
2022-08-10 17:12:28.827  INFO 13024 --- [main] o.s.b.w.embedded.tomcat.TomcatWebServer  : Tomcat initialized with port(s): 8097 (http)
2022-08-10 17:12:28.850  INFO 13024 --- [main] o.apache.catalina.core.StandardService   : Starting service [Tomcat]
2022-08-10 17:12:28.851  INFO 13024 --- [main] org.apache.catalina.core.StandardEngine  : Starting Servlet engine: [Apache Tomcat/9.0.65]
2022-08-10 17:12:29.168  INFO 13024 --- [main] o.a.c.c.C.[Tomcat].[localhost].[/]       : Initializing Spring embedded WebApplicationContext
2022-08-10 17:12:29.170  INFO 13024 --- [main] w.s.c.ServletWebServerApplicationContext : Root WebApplicationContext: initialization completed in 2997 ms
2022-08-10 17:12:29.557  INFO 13024 --- [main] o.hibernate.jpa.internal.util.LogHelper  : HHH000204: Processing PersistenceUnitInfo [name: default]
2022-08-10 17:12:29.634  INFO 13024 --- [main] org.hibernate.Version                    : HHH000412: Hibernate ORM core version 5.6.10.Final
2022-08-10 17:12:29.896  INFO 13024 --- [main] o.hibernate.annotations.common.Version   : HCANN000001: Hibernate Commons Annotations {5.1.2.Final}
2022-08-10 17:12:30.184  INFO 13024 --- [main] com.zaxxer.hikari.HikariDataSource       : HikariPool-1 - Starting...
2022-08-10 17:12:30.629  INFO 13024 --- [main] com.zaxxer.hikari.HikariDataSource       : HikariPool-1 - Start completed.
2022-08-10 17:12:30.660  INFO 13024 --- [main] org.hibernate.dialect.Dialect            : HHH000400: Using dialect: org.hibernate.dialect.SQLServer2008Dialect
2022-08-10 17:12:32.003  INFO 13024 --- [main] o.h.e.t.j.p.i.JtaPlatformInitiator       : HHH000490: Using JtaPlatform implementation: [org.hibernate.engine.transaction.jta.platform.internal.NoJtaPlatform]
2022-08-10 17:12:32.015  INFO 13024 --- [main] j.LocalContainerEntityManagerFactoryBean : Initialized JPA EntityManagerFactory for persistence unit 'default'
2022-08-10 17:12:33.038  WARN 13024 --- [main] JpaBaseConfiguration$JpaWebConfiguration : spring.jpa.open-in-view is enabled by default. Therefore, database queries may be performed during view rendering. Explicitly configure spring.jpa.open-in-view to disable this warning
2022-08-10 17:12:33.547  INFO 13024 --- [main] o.s.b.w.embedded.tomcat.TomcatWebServer  : Tomcat started on port(s): 8097 (http) with context path ''
2022-08-10 17:12:33.567  INFO 13024 --- [main] c.e.f.FinalWpfTransferApplication        : Started FinalWpfTransferApplication in 8.081 seconds (JVM running for 8.736)
2022-08-10 17:12:34.906  INFO 13024 --- [http-nio-8097-exec-1] o.a.c.c.C.[Tomcat].[localhost].[/]       : Initializing Spring DispatcherServlet 'dispatcherServlet'
2022-08-10 17:12:34.906  INFO 13024 --- [http-nio-8097-exec-1] o.s.web.servlet.DispatcherServlet        : Initializing Servlet 'dispatcherServlet'
2022-08-10 17:12:34.908  INFO 13024 --- [http-nio-8097-exec-1] o.s.web.servlet.DispatcherServlet        : Completed initialization in 1 ms
